2024.09.14 14:41:15 INFO  Started: Metals version 1.3.5 in folders 'C:\Users\Nicol\OneDrive\Escritorio\clase_PFC\talleres-pfc-template' for client Visual Studio Code 1.93.1.
2024.09.14 14:41:15 INFO  time: initialize in 0.61s
SLF4J(W): Class path contains multiple SLF4J providers.
SLF4J(W): Found provider [scribe.slf4j.ScribeServiceProvider@9318e5]
SLF4J(W): Found provider [ch.qos.logback.classic.spi.LogbackServiceProvider@6136cde2]
SLF4J(W): See https://www.slf4j.org/codes.html#multiple_bindings for an explanation.
SLF4J(I): Actual provider is of type [scribe.slf4j.ScribeServiceProvider@9318e5]
2024.09.14 14:41:43 WARN  Flyway upgrade recommended: H2 2.3.230 is newer than this version of Flyway and support has not been tested. The latest supported version of H2 is 2.2.220.
2024.09.14 14:41:53 INFO  running 'C:\Users\Nicol\OneDrive\Escritorio\clase_PFC\talleres-pfc-template\gradlew.bat --stacktrace --console=plain --init-script C:\Users\Nicol\AppData\Local\Temp\metals14044776827405575520\init-script.gradle bloopInstall'
2024.09.14 14:42:24 INFO  Starting a Gradle Daemon, 2 busy and 1 incompatible Daemons could not be reused, use --status for details
sept 14, 2024 2:42:45 P. M. org.eclipse.lsp4j.jsonrpc.services.GenericEndpoint notify
INFO: Unsupported notification method: $/setTrace
2024.09.14 14:43:20 ERROR 
2024.09.14 14:43:20 ERROR FAILURE: Build failed with an exception.
2024.09.14 14:43:20 ERROR 
2024.09.14 14:43:20 ERROR * What went wrong:
2024.09.14 14:43:20 ERROR Could not open cp_init generic class cache for initialization script 'C:\Users\Nicol\AppData\Local\Temp\metals14044776827405575520\init-script.gradle' (C:\Users\Nicol\.gradle\caches\8.3\scripts\474r3ny1v5bjb94b6ytnu88su).
2024.09.14 14:43:20 ERROR > BUG! exception in phase 'semantic analysis' in source unit '_BuildScript_' Unsupported class file major version 66
2024.09.14 14:43:20 ERROR 
2024.09.14 14:43:20 ERROR * Try:
2024.09.14 14:43:20 ERROR > Run with --info or --debug option to get more log output.
2024.09.14 14:43:20 ERROR > Run with --scan to get full insights.
2024.09.14 14:43:20 ERROR > Get more help at https://help.gradle.org.
2024.09.14 14:43:20 ERROR 
2024.09.14 14:43:20 ERROR * Exception is:
2024.09.14 14:43:20 ERROR org.gradle.cache.CacheOpenException: Could not open cp_init generic class cache for initialization script 'C:\Users\Nicol\AppData\Local\Temp\metals14044776827405575520\init-script.gradle' (C:\Users\Nicol\.gradle\caches\8.3\scripts\474r3ny1v5bjb94b6ytnu88su).
2024.09.14 14:43:20 ERROR 	at org.gradle.cache.internal.DefaultPersistentDirectoryStore.open(DefaultPersistentDirectoryStore.java:92)
2024.09.14 14:43:20 ERROR 	at org.gradle.cache.internal.DefaultPersistentDirectoryStore.open(DefaultPersistentDirectoryStore.java:44)
2024.09.14 14:43:20 ERROR 	at org.gradle.cache.internal.DefaultCacheFactory.doOpen(DefaultCacheFactory.java:108)
2024.09.14 14:43:20 ERROR 	at org.gradle.cache.internal.DefaultCacheFactory.open(DefaultCacheFactory.java:68)
2024.09.14 14:43:20 ERROR 	at org.gradle.cache.internal.DefaultUnscopedCacheBuilderFactory$PersistentCacheBuilder.open(DefaultUnscopedCacheBuilderFactory.java:118)
2024.09.14 14:43:20 ERROR 	at org.gradle.groovy.scripts.internal.FileCacheBackedScriptClassCompiler.compile(FileCacheBackedScriptClassCompiler.java:118)
2024.09.14 14:43:20 ERROR 	at org.gradle.groovy.scripts.internal.CrossBuildInMemoryCachingScriptClassCache.getOrCompile(CrossBuildInMemoryCachingScriptClassCache.java:50)
2024.09.14 14:43:20 ERROR 	at org.gradle.groovy.scripts.internal.BuildScopeInMemoryCachingScriptClassCompiler.compile(BuildScopeInMemoryCachingScriptClassCompiler.java:50)
2024.09.14 14:43:20 ERROR 	at org.gradle.groovy.scripts.DefaultScriptCompilerFactory$ScriptCompilerImpl.compile(DefaultScriptCompilerFactory.java:49)
2024.09.14 14:43:20 ERROR 	at org.gradle.configuration.DefaultScriptPluginFactory$ScriptPluginImpl.apply(DefaultScriptPluginFactory.java:110)
2024.09.14 14:43:20 ERROR 	at org.gradle.configuration.BuildOperationScriptPlugin$1.run(BuildOperationScriptPlugin.java:65)
2024.09.14 14:43:21 ERROR 	at org.gradle.internal.operations.DefaultBuildOperationRunner$1.execute(DefaultBuildOperationRunner.java:29)
2024.09.14 14:43:21 ERROR 	at org.gradle.internal.operations.DefaultBuildOperationRunner$1.execute(DefaultBuildOperationRunner.java:26)
2024.09.14 14:43:21 ERROR 	at org.gradle.internal.operations.DefaultBuildOperationRunner$2.execute(DefaultBuildOperationRunner.java:66)
2024.09.14 14:43:21 ERROR 	at org.gradle.internal.operations.DefaultBuildOperationRunner$2.execute(DefaultBuildOperationRunner.java:59)
2024.09.14 14:43:21 ERROR 	at org.gradle.internal.operations.DefaultBuildOperationRunner.execute(DefaultBuildOperationRunner.java:157)
2024.09.14 14:43:21 ERROR 	at org.gradle.internal.operations.DefaultBuildOperationRunner.execute(DefaultBuildOperationRunner.java:59)
2024.09.14 14:43:21 ERROR 	at org.gradle.internal.operations.DefaultBuildOperationRunner.run(DefaultBuildOperationRunner.java:47)
2024.09.14 14:43:21 ERROR 	at org.gradle.internal.operations.DefaultBuildOperationExecutor.run(DefaultBuildOperationExecutor.java:68)
2024.09.14 14:43:21 ERROR 	at org.gradle.configuration.BuildOperationScriptPlugin.lambda$apply$0(BuildOperationScriptPlugin.java:62)
2024.09.14 14:43:21 ERROR 	at org.gradle.configuration.internal.DefaultUserCodeApplicationContext.apply(DefaultUserCodeApplicationContext.java:44)
2024.09.14 14:43:21 ERROR 	at org.gradle.configuration.BuildOperationScriptPlugin.apply(BuildOperationScriptPlugin.java:62)
2024.09.14 14:43:21 ERROR 	at org.gradle.configuration.DefaultInitScriptProcessor.process(DefaultInitScriptProcessor.java:50)
2024.09.14 14:43:21 ERROR 	at org.gradle.initialization.InitScriptHandler$1.run(InitScriptHandler.java:56)
2024.09.14 14:43:21 ERROR 	at org.gradle.internal.operations.DefaultBuildOperationRunner$1.execute(DefaultBuildOperationRunner.java:29)
2024.09.14 14:43:21 ERROR 	at org.gradle.internal.operations.DefaultBuildOperationRunner$1.execute(DefaultBuildOperationRunner.java:26)
2024.09.14 14:43:21 ERROR 	at org.gradle.internal.operations.DefaultBuildOperationRunner$2.execute(DefaultBuildOperationRunner.java:66)
2024.09.14 14:43:21 ERROR 	at org.gradle.internal.operations.DefaultBuildOperationRunner$2.execute(DefaultBuildOperationRunner.java:59)
2024.09.14 14:43:21 ERROR 	at org.gradle.internal.operations.DefaultBuildOperationRunner.execute(DefaultBuildOperationRunner.java:157)
2024.09.14 14:43:21 ERROR 	at org.gradle.internal.operations.DefaultBuildOperationRunner.execute(DefaultBuildOperationRunner.java:59)
2024.09.14 14:43:21 ERROR 	at org.gradle.internal.operations.DefaultBuildOperationRunner.run(DefaultBuildOperationRunner.java:47)
2024.09.14 14:43:21 ERROR 	at org.gradle.internal.operations.DefaultBuildOperationExecutor.run(DefaultBuildOperationExecutor.java:68)
2024.09.14 14:43:21 ERROR 	at org.gradle.initialization.InitScriptHandler.executeScripts(InitScriptHandler.java:51)
2024.09.14 14:43:21 ERROR 	at org.gradle.initialization.InitScriptHandlingSettingsLoader.findAndLoadSettings(InitScriptHandlingSettingsLoader.java:32)
2024.09.14 14:43:21 ERROR 	at org.gradle.api.internal.initialization.CacheConfigurationsHandlingSettingsLoader.findAndLoadSettings(CacheConfigurationsHandlingSettingsLoader.java:36)
2024.09.14 14:43:21 ERROR 	at org.gradle.initialization.GradlePropertiesHandlingSettingsLoader.findAndLoadSettings(GradlePropertiesHandlingSettingsLoader.java:38)
2024.09.14 14:43:21 ERROR 	at org.gradle.initialization.DefaultSettingsPreparer.prepareSettings(DefaultSettingsPreparer.java:31)
2024.09.14 14:43:21 ERROR 	at org.gradle.initialization.BuildOperationFiringSettingsPreparer$LoadBuild.doLoadBuild(BuildOperationFiringSettingsPreparer.java:71)
2024.09.14 14:43:21 ERROR 	at org.gradle.initialization.BuildOperationFiringSettingsPreparer$LoadBuild.run(BuildOperationFiringSettingsPreparer.java:66)
2024.09.14 14:43:21 ERROR 	at org.gradle.internal.operations.DefaultBuildOperationRunner$1.execute(DefaultBuildOperationRunner.java:29)
2024.09.14 14:43:21 ERROR 	at org.gradle.internal.operations.DefaultBuildOperationRunner$1.execute(DefaultBuildOperationRunner.java:26)
2024.09.14 14:43:21 ERROR 	at org.gradle.internal.operations.DefaultBuildOperationRunner$2.execute(DefaultBuildOperationRunner.java:66)
2024.09.14 14:43:21 ERROR 	at org.gradle.internal.operations.DefaultBuildOperationRunner$2.execute(DefaultBuildOperationRunner.java:59)
2024.09.14 14:43:21 ERROR 	at org.gradle.internal.operations.DefaultBuildOperationRunner.execute(DefaultBuildOperationRunner.java:157)
2024.09.14 14:43:21 ERROR 	at org.gradle.internal.operations.DefaultBuildOperationRunner.execute(DefaultBuildOperationRunner.java:59)
2024.09.14 14:43:21 ERROR 	at org.gradle.internal.operations.DefaultBuildOperationRunner.run(DefaultBuildOperationRunner.java:47)
2024.09.14 14:43:21 ERROR 	at org.gradle.internal.operations.DefaultBuildOperationExecutor.run(DefaultBuildOperationExecutor.java:68)
2024.09.14 14:43:21 ERROR 	at org.gradle.initialization.BuildOperationFiringSettingsPreparer.prepareSettings(BuildOperationFiringSettingsPreparer.java:54)
2024.09.14 14:43:21 ERROR 	at org.gradle.initialization.VintageBuildModelController.lambda$prepareSettings$1(VintageBuildModelController.java:80)
2024.09.14 14:43:21 ERROR 	at org.gradle.internal.model.StateTransitionController.lambda$doTransition$14(StateTransitionController.java:255)
2024.09.14 14:43:21 ERROR 	at org.gradle.internal.model.StateTransitionController.doTransition(StateTransitionController.java:266)
2024.09.14 14:43:21 ERROR 	at org.gradle.internal.model.StateTransitionController.doTransition(StateTransitionController.java:254)
2024.09.14 14:43:21 ERROR 	at org.gradle.internal.model.StateTransitionController.lambda$transitionIfNotPreviously$11(StateTransitionController.java:213)
2024.09.14 14:43:21 ERROR 	at org.gradle.internal.work.DefaultSynchronizer.withLock(DefaultSynchronizer.java:34)
2024.09.14 14:43:21 ERROR 	at org.gradle.internal.model.StateTransitionController.transitionIfNotPreviously(StateTransitionController.java:209)
2024.09.14 14:43:21 ERROR 	at org.gradle.initialization.VintageBuildModelController.prepareSettings(VintageBuildModelController.java:80)
2024.09.14 14:43:21 ERROR 	at org.gradle.initialization.VintageBuildModelController.prepareToScheduleTasks(VintageBuildModelController.java:70)
2024.09.14 14:43:21 ERROR 	at org.gradle.internal.build.DefaultBuildLifecycleController.lambda$prepareToScheduleTasks$6(DefaultBuildLifecycleController.java:172)
2024.09.14 14:43:21 ERROR 	at org.gradle.internal.model.StateTransitionController.lambda$doTransition$14(StateTransitionController.java:255)
2024.09.14 14:43:21 ERROR 	at org.gradle.internal.model.StateTransitionController.doTransition(StateTransitionController.java:266)
2024.09.14 14:43:21 ERROR 	at org.gradle.internal.model.StateTransitionController.doTransition(StateTransitionController.java:254)
2024.09.14 14:43:21 ERROR 	at org.gradle.internal.model.StateTransitionController.lambda$maybeTransition$9(StateTransitionController.java:190)
2024.09.14 14:43:21 ERROR 	at org.gradle.internal.work.DefaultSynchronizer.withLock(DefaultSynchronizer.java:34)
2024.09.14 14:43:21 ERROR 	at org.gradle.internal.model.StateTransitionController.maybeTransition(StateTransitionController.java:186)
2024.09.14 14:43:21 ERROR 	at org.gradle.internal.build.DefaultBuildLifecycleController.prepareToScheduleTasks(DefaultBuildLifecycleController.java:170)
2024.09.14 14:43:21 ERROR 	at org.gradle.internal.buildtree.DefaultBuildTreeWorkPreparer.scheduleRequestedTasks(DefaultBuildTreeWorkPreparer.java:36)
2024.09.14 14:43:21 ERROR 	at org.gradle.configurationcache.VintageBuildTreeWorkController$scheduleAndRunRequestedTasks$1.apply(VintageBuildTreeWorkController.kt:36)
2024.09.14 14:43:21 ERROR 	at org.gradle.configurationcache.VintageBuildTreeWorkController$scheduleAndRunRequestedTasks$1.apply(VintageBuildTreeWorkController.kt:35)
2024.09.14 14:43:21 ERROR 	at org.gradle.composite.internal.DefaultIncludedBuildTaskGraph.withNewWorkGraph(DefaultIncludedBuildTaskGraph.java:112)
2024.09.14 14:43:21 ERROR 	at org.gradle.configurationcache.VintageBuildTreeWorkController.scheduleAndRunRequestedTasks(VintageBuildTreeWorkController.kt:35)
2024.09.14 14:43:21 ERROR 	at org.gradle.internal.buildtree.DefaultBuildTreeLifecycleController.lambda$scheduleAndRunTasks$1(DefaultBuildTreeLifecycleController.java:68)
2024.09.14 14:43:21 ERROR 	at org.gradle.internal.buildtree.DefaultBuildTreeLifecycleController.lambda$runBuild$4(DefaultBuildTreeLifecycleController.java:98)
2024.09.14 14:43:21 ERROR 	at org.gradle.internal.model.StateTransitionController.lambda$transition$6(StateTransitionController.java:169)
2024.09.14 14:43:21 ERROR 	at org.gradle.internal.model.StateTransitionController.doTransition(StateTransitionController.java:266)
2024.09.14 14:43:21 ERROR 	at org.gradle.internal.model.StateTransitionController.lambda$transition$7(StateTransitionController.java:169)
2024.09.14 14:43:21 ERROR 	at org.gradle.internal.work.DefaultSynchronizer.withLock(DefaultSynchronizer.java:44)
2024.09.14 14:43:21 ERROR 	at org.gradle.internal.model.StateTransitionController.transition(StateTransitionController.java:169)
2024.09.14 14:43:21 ERROR 	at org.gradle.internal.buildtree.DefaultBuildTreeLifecycleController.runBuild(DefaultBuildTreeLifecycleController.java:95)
2024.09.14 14:43:21 ERROR 	at org.gradle.internal.buildtree.DefaultBuildTreeLifecycleController.scheduleAndRunTasks(DefaultBuildTreeLifecycleController.java:68)
2024.09.14 14:43:21 ERROR 	at org.gradle.internal.buildtree.DefaultBuildTreeLifecycleController.scheduleAndRunTasks(DefaultBuildTreeLifecycleController.java:63)
2024.09.14 14:43:21 ERROR 	at org.gradle.tooling.internal.provider.ExecuteBuildActionRunner.run(ExecuteBuildActionRunner.java:31)
2024.09.14 14:43:21 ERROR 	at org.gradle.launcher.exec.ChainingBuildActionRunner.run(ChainingBuildActionRunner.java:35)
2024.09.14 14:43:21 ERROR 	at org.gradle.internal.buildtree.ProblemReportingBuildActionRunner.run(ProblemReportingBuildActionRunner.java:49)
2024.09.14 14:43:21 ERROR 	at org.gradle.launcher.exec.BuildOutcomeReportingBuildActionRunner.run(BuildOutcomeReportingBuildActionRunner.java:65)
2024.09.14 14:43:21 ERROR 	at org.gradle.tooling.internal.provider.FileSystemWatchingBuildActionRunner.run(FileSystemWatchingBuildActionRunner.java:140)
2024.09.14 14:43:21 ERROR 	at org.gradle.launcher.exec.BuildCompletionNotifyingBuildActionRunner.run(BuildCompletionNotifyingBuildActionRunner.java:41)
2024.09.14 14:43:21 ERROR 	at org.gradle.launcher.exec.RootBuildLifecycleBuildActionExecutor.lambda$execute$0(RootBuildLifecycleBuildActionExecutor.java:40)
2024.09.14 14:43:21 ERROR 	at org.gradle.composite.internal.DefaultRootBuildState.run(DefaultRootBuildState.java:123)
2024.09.14 14:43:21 ERROR 	at org.gradle.launcher.exec.RootBuildLifecycleBuildActionExecutor.execute(RootBuildLifecycleBuildActionExecutor.java:40)
2024.09.14 14:43:21 ERROR 	at org.gradle.internal.buildtree.InitDeprecationLoggingActionExecutor.execute(InitDeprecationLoggingActionExecutor.java:58)
2024.09.14 14:43:21 ERROR 	at org.gradle.internal.buildtree.DefaultBuildTreeContext.execute(DefaultBuildTreeContext.java:40)
2024.09.14 14:43:21 ERROR 	at org.gradle.launcher.exec.BuildTreeLifecycleBuildActionExecutor.lambda$execute$0(BuildTreeLifecycleBuildActionExecutor.java:65)
2024.09.14 14:43:21 ERROR 	at org.gradle.internal.buildtree.BuildTreeState.run(BuildTreeState.java:58)
2024.09.14 14:43:21 ERROR 	at org.gradle.launcher.exec.BuildTreeLifecycleBuildActionExecutor.execute(BuildTreeLifecycleBuildActionExecutor.java:65)
2024.09.14 14:43:21 ERROR 	at org.gradle.launcher.exec.RunAsBuildOperationBuildActionExecutor$3.call(RunAsBuildOperationBuildActionExecutor.java:61)
2024.09.14 14:43:21 ERROR 	at org.gradle.launcher.exec.RunAsBuildOperationBuildActionExecutor$3.call(RunAsBuildOperationBuildActionExecutor.java:57)
2024.09.14 14:43:21 ERROR 	at org.gradle.internal.operations.DefaultBuildOperationRunner$CallableBuildOperationWorker.execute(DefaultBuildOperationRunner.java:204)
2024.09.14 14:43:21 ERROR 	at org.gradle.internal.operations.DefaultBuildOperationRunner$CallableBuildOperationWorker.execute(DefaultBuildOperationRunner.java:199)
2024.09.14 14:43:21 ERROR 	at org.gradle.internal.operations.DefaultBuildOperationRunner$2.execute(DefaultBuildOperationRunner.java:66)
2024.09.14 14:43:21 ERROR 	at org.gradle.internal.operations.DefaultBuildOperationRunner$2.execute(DefaultBuildOperationRunner.java:59)
2024.09.14 14:43:21 ERROR 	at org.gradle.internal.operations.DefaultBuildOperationRunner.execute(DefaultBuildOperationRunner.java:157)
2024.09.14 14:43:21 ERROR 	at org.gradle.internal.operations.DefaultBuildOperationRunner.execute(DefaultBuildOperationRunner.java:59)
2024.09.14 14:43:21 ERROR 	at org.gradle.internal.operations.DefaultBuildOperationRunner.call(DefaultBuildOperationRunner.java:53)
2024.09.14 14:43:21 ERROR 	at org.gradle.internal.operations.DefaultBuildOperationExecutor.call(DefaultBuildOperationExecutor.java:73)
2024.09.14 14:43:21 ERROR 	at org.gradle.launcher.exec.RunAsBuildOperationBuildActionExecutor.execute(RunAsBuildOperationBuildActionExecutor.java:57)
2024.09.14 14:43:21 ERROR 	at org.gradle.launcher.exec.RunAsWorkerThreadBuildActionExecutor.lambda$execute$0(RunAsWorkerThreadBuildActionExecutor.java:36)
2024.09.14 14:43:21 ERROR 	at org.gradle.internal.work.DefaultWorkerLeaseService.withLocks(DefaultWorkerLeaseService.java:264)
2024.09.14 14:43:21 ERROR 	at org.gradle.internal.work.DefaultWorkerLeaseService.runAsWorkerThread(DefaultWorkerLeaseService.java:128)
2024.09.14 14:43:21 ERROR 	at org.gradle.launcher.exec.RunAsWorkerThreadBuildActionExecutor.execute(RunAsWorkerThreadBuildActionExecutor.java:36)
2024.09.14 14:43:21 ERROR 	at org.gradle.tooling.internal.provider.continuous.ContinuousBuildActionExecutor.execute(ContinuousBuildActionExecutor.java:110)
2024.09.14 14:43:21 ERROR 	at org.gradle.tooling.internal.provider.SubscribableBuildActionExecutor.execute(SubscribableBuildActionExecutor.java:64)
2024.09.14 14:43:21 ERROR 	at org.gradle.internal.session.DefaultBuildSessionContext.execute(DefaultBuildSessionContext.java:46)
2024.09.14 14:43:21 ERROR 	at org.gradle.tooling.internal.provider.BuildSessionLifecycleBuildActionExecuter$ActionImpl.apply(BuildSessionLifecycleBuildActionExecuter.java:92)
2024.09.14 14:43:21 ERROR 	at org.gradle.tooling.internal.provider.BuildSessionLifecycleBuildActionExecuter$ActionImpl.apply(BuildSessionLifecycleBuildActionExecuter.java:80)
2024.09.14 14:43:21 ERROR 	at org.gradle.internal.session.BuildSessionState.run(BuildSessionState.java:69)
2024.09.14 14:43:21 ERROR 	at org.gradle.tooling.internal.provider.BuildSessionLifecycleBuildActionExecuter.execute(BuildSessionLifecycleBuildActionExecuter.java:62)
2024.09.14 14:43:21 ERROR 	at org.gradle.tooling.internal.provider.BuildSessionLifecycleBuildActionExecuter.execute(BuildSessionLifecycleBuildActionExecuter.java:41)
2024.09.14 14:43:21 ERROR 	at org.gradle.tooling.internal.provider.StartParamsValidatingActionExecuter.execute(StartParamsValidatingActionExecuter.java:64)
2024.09.14 14:43:21 ERROR 	at org.gradle.tooling.internal.provider.StartParamsValidatingActionExecuter.execute(StartParamsValidatingActionExecuter.java:32)
2024.09.14 14:43:21 ERROR 	at org.gradle.tooling.internal.provider.SessionFailureReportingActionExecuter.execute(SessionFailureReportingActionExecuter.java:51)
2024.09.14 14:43:21 ERROR 	at org.gradle.tooling.internal.provider.SessionFailureReportingActionExecuter.execute(SessionFailureReportingActionExecuter.java:39)
2024.09.14 14:43:21 ERROR 	at org.gradle.tooling.internal.provider.SetupLoggingActionExecuter.execute(SetupLoggingActionExecuter.java:47)
2024.09.14 14:43:21 ERROR 	at org.gradle.tooling.internal.provider.SetupLoggingActionExecuter.execute(SetupLoggingActionExecuter.java:31)
2024.09.14 14:43:21 ERROR 	at org.gradle.launcher.daemon.server.exec.ExecuteBuild.doBuild(ExecuteBuild.java:65)
2024.09.14 14:43:21 ERROR 	at org.gradle.launcher.daemon.server.exec.BuildCommandOnly.execute(BuildCommandOnly.java:37)
2024.09.14 14:43:21 ERROR 	at org.gradle.launcher.daemon.server.api.DaemonCommandExecution.proceed(DaemonCommandExecution.java:104)
2024.09.14 14:43:21 ERROR 	at org.gradle.launcher.daemon.server.exec.WatchForDisconnection.execute(WatchForDisconnection.java:39)
2024.09.14 14:43:21 ERROR 	at org.gradle.launcher.daemon.server.api.DaemonCommandExecution.proceed(DaemonCommandExecution.java:104)
2024.09.14 14:43:21 ERROR 	at org.gradle.launcher.daemon.server.exec.ResetDeprecationLogger.execute(ResetDeprecationLogger.java:29)
2024.09.14 14:43:21 ERROR 	at org.gradle.launcher.daemon.server.api.DaemonCommandExecution.proceed(DaemonCommandExecution.java:104)
2024.09.14 14:43:21 ERROR 	at org.gradle.launcher.daemon.server.exec.RequestStopIfSingleUsedDaemon.execute(RequestStopIfSingleUsedDaemon.java:35)
2024.09.14 14:43:21 ERROR 	at org.gradle.launcher.daemon.server.api.DaemonCommandExecution.proceed(DaemonCommandExecution.java:104)
2024.09.14 14:43:21 ERROR 	at org.gradle.launcher.daemon.server.exec.ForwardClientInput$2.create(ForwardClientInput.java:78)
2024.09.14 14:43:21 ERROR 	at org.gradle.launcher.daemon.server.exec.ForwardClientInput$2.create(ForwardClientInput.java:75)
2024.09.14 14:43:21 ERROR 	at org.gradle.util.internal.Swapper.swap(Swapper.java:38)
2024.09.14 14:43:21 ERROR 	at org.gradle.launcher.daemon.server.exec.ForwardClientInput.execute(ForwardClientInput.java:75)
2024.09.14 14:43:21 ERROR 	at org.gradle.launcher.daemon.server.api.DaemonCommandExecution.proceed(DaemonCommandExecution.java:104)
2024.09.14 14:43:21 ERROR 	at org.gradle.launcher.daemon.server.exec.LogAndCheckHealth.execute(LogAndCheckHealth.java:64)
2024.09.14 14:43:21 ERROR 	at org.gradle.launcher.daemon.server.api.DaemonCommandExecution.proceed(DaemonCommandExecution.java:104)
2024.09.14 14:43:21 ERROR 	at org.gradle.launcher.daemon.server.exec.LogToClient.doBuild(LogToClient.java:63)
2024.09.14 14:43:21 ERROR 	at org.gradle.launcher.daemon.server.exec.BuildCommandOnly.execute(BuildCommandOnly.java:37)
2024.09.14 14:43:21 ERROR 	at org.gradle.launcher.daemon.server.api.DaemonCommandExecution.proceed(DaemonCommandExecution.java:104)
2024.09.14 14:43:21 ERROR 	at org.gradle.launcher.daemon.server.exec.EstablishBuildEnvironment.doBuild(EstablishBuildEnvironment.java:84)
2024.09.14 14:43:21 ERROR 	at org.gradle.launcher.daemon.server.exec.BuildCommandOnly.execute(BuildCommandOnly.java:37)
2024.09.14 14:43:21 ERROR 	at org.gradle.launcher.daemon.server.api.DaemonCommandExecution.proceed(DaemonCommandExecution.java:104)
2024.09.14 14:43:21 ERROR 	at org.gradle.launcher.daemon.server.exec.StartBuildOrRespondWithBusy$1.run(StartBuildOrRespondWithBusy.java:52)
2024.09.14 14:43:21 ERROR 	at org.gradle.launcher.daemon.server.DaemonStateCoordinator$1.run(DaemonStateCoordinator.java:297)
2024.09.14 14:43:21 ERROR 	at org.gradle.internal.concurrent.ExecutorPolicy$CatchAndRecordFailures.onExecute(ExecutorPolicy.java:64)
2024.09.14 14:43:21 ERROR 	at org.gradle.internal.concurrent.AbstractManagedExecutor$1.run(AbstractManagedExecutor.java:47)
2024.09.14 14:43:21 ERROR Caused by: BUG! exception in phase 'semantic analysis' in source unit '_BuildScript_' Unsupported class file major version 66
2024.09.14 14:43:21 ERROR 	at org.gradle.groovy.scripts.internal.DefaultScriptCompilationHandler.compileScript(DefaultScriptCompilationHandler.java:147)
2024.09.14 14:43:21 ERROR 	at org.gradle.groovy.scripts.internal.DefaultScriptCompilationHandler.compileToDir(DefaultScriptCompilationHandler.java:103)
2024.09.14 14:43:21 ERROR 	at org.gradle.groovy.scripts.internal.BuildOperationBackedScriptCompilationHandler$2.run(BuildOperationBackedScriptCompilationHandler.java:54)
2024.09.14 14:43:21 ERROR 	at org.gradle.internal.operations.DefaultBuildOperationRunner$1.execute(DefaultBuildOperationRunner.java:29)
2024.09.14 14:43:21 ERROR 	at org.gradle.internal.operations.DefaultBuildOperationRunner$1.execute(DefaultBuildOperationRunner.java:26)
2024.09.14 14:43:21 ERROR 	at org.gradle.internal.operations.DefaultBuildOperationRunner$2.execute(DefaultBuildOperationRunner.java:66)
2024.09.14 14:43:21 ERROR 	at org.gradle.internal.operations.DefaultBuildOperationRunner$2.execute(DefaultBuildOperationRunner.java:59)
2024.09.14 14:43:21 ERROR 	at org.gradle.internal.operations.DefaultBuildOperationRunner.execute(DefaultBuildOperationRunner.java:157)
2024.09.14 14:43:21 ERROR 	at org.gradle.internal.operations.DefaultBuildOperationRunner.execute(DefaultBuildOperationRunner.java:59)
2024.09.14 14:43:21 ERROR 	at org.gradle.internal.operations.DefaultBuildOperationRunner.run(DefaultBuildOperationRunner.java:47)
2024.09.14 14:43:21 ERROR 	at org.gradle.internal.operations.DefaultBuildOperationExecutor.run(DefaultBuildOperationExecutor.java:68)
2024.09.14 14:43:21 ERROR 	at org.gradle.groovy.scripts.internal.BuildOperationBackedScriptCompilationHandler.compileToDir(BuildOperationBackedScriptCompilationHandler.java:51)
2024.09.14 14:43:21 ERROR 	at org.gradle.groovy.scripts.internal.FileCacheBackedScriptClassCompiler$CompileToCrossBuildCacheAction.execute(FileCacheBackedScriptClassCompiler.java:192)
2024.09.14 14:43:21 ERROR 	at org.gradle.groovy.scripts.internal.FileCacheBackedScriptClassCompiler$CompileToCrossBuildCacheAction.execute(FileCacheBackedScriptClassCompiler.java:172)
2024.09.14 14:43:21 ERROR 	at org.gradle.groovy.scripts.internal.FileCacheBackedScriptClassCompiler$ProgressReportingInitializer.execute(FileCacheBackedScriptClassCompiler.java:213)
2024.09.14 14:43:21 ERROR 	at org.gradle.groovy.scripts.internal.FileCacheBackedScriptClassCompiler$ProgressReportingInitializer.execute(FileCacheBackedScriptClassCompiler.java:196)
2024.09.14 14:43:21 ERROR 	at org.gradle.cache.internal.DefaultPersistentDirectoryCache$Initializer.initialize(DefaultPersistentDirectoryCache.java:100)
2024.09.14 14:43:21 ERROR 	at org.gradle.cache.internal.FixedSharedModeCrossProcessCacheAccess$1.run(FixedSharedModeCrossProcessCacheAccess.java:86)
2024.09.14 14:43:21 ERROR 	at org.gradle.cache.internal.DefaultFileLockManager$DefaultFileLock.doWriteAction(DefaultFileLockManager.java:216)
2024.09.14 14:43:21 ERROR 	at org.gradle.cache.internal.DefaultFileLockManager$DefaultFileLock.writeFile(DefaultFileLockManager.java:206)
2024.09.14 14:43:21 ERROR 	at org.gradle.cache.internal.FixedSharedModeCrossProcessCacheAccess.open(FixedSharedModeCrossProcessCacheAccess.java:83)
2024.09.14 14:43:21 ERROR 	at org.gradle.cache.internal.DefaultCacheCoordinator.lambda$open$1(DefaultCacheCoordinator.java:139)
2024.09.14 14:43:21 ERROR 	at org.gradle.cache.internal.DefaultCacheCoordinator.withOwnershipNow(DefaultCacheCoordinator.java:208)
2024.09.14 14:43:21 ERROR 	at org.gradle.cache.internal.DefaultCacheCoordinator.open(DefaultCacheCoordinator.java:134)
2024.09.14 14:43:21 ERROR 	at org.gradle.cache.internal.DefaultPersistentDirectoryStore.open(DefaultPersistentDirectoryStore.java:90)
2024.09.14 14:43:21 ERROR 	... 148 more
2024.09.14 14:43:21 ERROR Caused by: java.lang.IllegalArgumentException: Unsupported class file major version 66
2024.09.14 14:43:21 ERROR 	at groovyjarjarasm.asm.ClassReader.<init>(ClassReader.java:199)
2024.09.14 14:43:21 ERROR 	at groovyjarjarasm.asm.ClassReader.<init>(ClassReader.java:180)
2024.09.14 14:43:21 ERROR 	at groovyjarjarasm.asm.ClassReader.<init>(ClassReader.java:166)
2024.09.14 14:43:21 ERROR 	at groovyjarjarasm.asm.ClassReader.<init>(ClassReader.java:287)
2024.09.14 14:43:21 ERROR 	... 173 more
2024.09.14 14:43:21 ERROR 
2024.09.14 14:43:21 ERROR 
2024.09.14 14:43:21 ERROR BUILD FAILED in 1m 21s
2024.09.14 14:43:34 INFO  time: ran 'gradle bloopInstall' in 1m39s
2024.09.14 14:43:34 ERROR Gradle command failed: C:\Users\Nicol\OneDrive\Escritorio\clase_PFC\talleres-pfc-template\gradlew.bat --stacktrace --console=plain --init-script C:\Users\Nicol\AppData\Local\Temp\metals14044776827405575520\init-script.gradle bloopInstall
2024.09.14 15:30:42 INFO  Started: Metals version 1.3.5 in folders 'C:\Users\Nicol\OneDrive\Escritorio\clase_PFC\talleres-pfc-template' for client Visual Studio Code 1.93.1.
2024.09.14 15:30:42 INFO  time: initialize in 0.11s
SLF4J(W): Class path contains multiple SLF4J providers.
SLF4J(W): Found provider [scribe.slf4j.ScribeServiceProvider@b4ffaaa]
SLF4J(W): Found provider [ch.qos.logback.classic.spi.LogbackServiceProvider@185d1910]
SLF4J(W): See https://www.slf4j.org/codes.html#multiple_bindings for an explanation.
SLF4J(I): Actual provider is of type [scribe.slf4j.ScribeServiceProvider@b4ffaaa]
2024.09.14 15:30:47 WARN  Flyway upgrade recommended: H2 2.3.230 is newer than this version of Flyway and support has not been tested. The latest supported version of H2 is 2.2.220.
2024.09.14 15:30:49 INFO  skipping build import with status 'Failed'
2024.09.14 15:30:49 INFO  no build target found for C:\Users\Nicol\OneDrive\Escritorio\clase_PFC\talleres-pfc-template\app\src\main\scala\taller\BuscarLista.scala. Using presentation compiler with project's scala-library version: 3.3.3
2024.09.14 15:30:50 INFO  no build target found for C:\Users\Nicol\OneDrive\Escritorio\clase_PFC\talleres-pfc-template\app\src\main\scala\taller\BuscarLista.scala. Using presentation compiler with project's scala-library version: 3.3.3
sept 14, 2024 3:30:50 P. M. org.eclipse.lsp4j.jsonrpc.RemoteEndpoint handleCancellation
WARNING: Unmatched cancel notification for request id 1
sept 14, 2024 3:30:50 P. M. org.eclipse.lsp4j.jsonrpc.RemoteEndpoint handleCancellation
WARNING: Unmatched cancel notification for request id 3
sept 14, 2024 3:30:50 P. M. org.eclipse.lsp4j.jsonrpc.RemoteEndpoint handleCancellation
WARNING: Unmatched cancel notification for request id 5
sept 14, 2024 3:30:50 P. M. org.eclipse.lsp4j.jsonrpc.RemoteEndpoint handleCancellation
WARNING: Unmatched cancel notification for request id 2
2024.09.14 15:30:51 INFO  no build target found for C:\Users\Nicol\OneDrive\Escritorio\clase_PFC\talleres-pfc-template\app\src\test\scala\taller\BuscarListaTest.scala. Using presentation compiler with project's scala-library version: 3.3.3
2024.09.14 15:30:51 INFO  no build target found for C:\Users\Nicol\OneDrive\Escritorio\clase_PFC\talleres-pfc-template\app\src\test\scala\taller\BuscarListaTest.scala. Using presentation compiler with project's scala-library version: 3.3.3
2024.09.14 15:30:56 INFO  no build target found for C:\Users\Nicol\OneDrive\Escritorio\clase_PFC\talleres-pfc-template\app\src\test\scala\taller\BuscarListaTest.scala. Using presentation compiler with project's scala-library version: 3.3.3
2024.09.14 15:31:07 INFO  no build target found for C:\Users\Nicol\OneDrive\Escritorio\clase_PFC\talleres-pfc-template\app\src\test\scala\taller\BuscarListaTest.scala. Using presentation compiler with project's scala-library version: 3.3.3
2024.09.14 15:31:50 INFO  no build target found for C:\Users\Nicol\OneDrive\Escritorio\clase_PFC\talleres-pfc-template\app\src\main\scala\taller\BuscarLista.scala. Using presentation compiler with project's scala-library version: 3.3.3
2024.09.14 15:35:13 INFO  no build target found for C:\Users\Nicol\OneDrive\Escritorio\clase_PFC\talleres-pfc-template\app\src\test\scala\taller\BuscarListaTest.scala. Using presentation compiler with project's scala-library version: 3.3.3
2024.09.14 15:35:13 INFO  no build target found for C:\Users\Nicol\OneDrive\Escritorio\clase_PFC\talleres-pfc-template\app\src\test\scala\taller\BuscarListaTest.scala. Using presentation compiler with project's scala-library version: 3.3.3
2024.09.14 15:35:14 INFO  no build target found for C:\Users\Nicol\OneDrive\Escritorio\clase_PFC\talleres-pfc-template\app\src\test\scala\taller\BuscarListaTest.scala. Using presentation compiler with project's scala-library version: 3.3.3
2024.09.14 15:36:18 INFO  no build target found for C:\Users\Nicol\OneDrive\Escritorio\clase_PFC\talleres-pfc-template\app\src\test\scala\taller\BuscarListaTest.scala. Using presentation compiler with project's scala-library version: 3.3.3
2024.09.14 15:36:37 INFO  no build target found for C:\Users\Nicol\OneDrive\Escritorio\clase_PFC\talleres-pfc-template\app\src\test\scala\taller\BuscarListaTest.scala. Using presentation compiler with project's scala-library version: 3.3.3
2024.09.14 15:36:41 INFO  no build target found for C:\Users\Nicol\OneDrive\Escritorio\clase_PFC\talleres-pfc-template\app\src\test\scala\taller\BuscarListaTest.scala. Using presentation compiler with project's scala-library version: 3.3.3
2024.09.14 15:36:48 INFO  no build target found for C:\Users\Nicol\OneDrive\Escritorio\clase_PFC\talleres-pfc-template\app\src\test\scala\taller\BuscarListaTest.scala. Using presentation compiler with project's scala-library version: 3.3.3
2024.09.14 15:36:50 INFO  no build target found for C:\Users\Nicol\OneDrive\Escritorio\clase_PFC\talleres-pfc-template\app\src\test\scala\taller\BuscarListaTest.scala. Using presentation compiler with project's scala-library version: 3.3.3
2024.09.14 15:36:54 INFO  no build target found for C:\Users\Nicol\OneDrive\Escritorio\clase_PFC\talleres-pfc-template\app\src\test\scala\taller\BuscarListaTest.scala. Using presentation compiler with project's scala-library version: 3.3.3
2024.09.14 15:36:56 INFO  no build target found for C:\Users\Nicol\OneDrive\Escritorio\clase_PFC\talleres-pfc-template\app\src\test\scala\taller\BuscarListaTest.scala. Using presentation compiler with project's scala-library version: 3.3.3
2024.09.14 15:40:33 INFO  no build target found for C:\Users\Nicol\OneDrive\Escritorio\clase_PFC\talleres-pfc-template\app\src\test\scala\taller\BuscarListaTest.scala. Using presentation compiler with project's scala-library version: 3.3.3
2024.09.14 15:49:50 INFO  no build target found for C:\Users\Nicol\OneDrive\Escritorio\clase_PFC\talleres-pfc-template\app\src\test\scala\taller\BuscarListaTest.scala. Using presentation compiler with project's scala-library version: 3.3.3
2024.09.14 15:51:22 INFO  no build target found for C:\Users\Nicol\OneDrive\Escritorio\clase_PFC\talleres-pfc-template\app\src\test\scala\taller\BuscarListaTest.scala. Using presentation compiler with project's scala-library version: 3.3.3
2024.09.14 15:51:29 INFO  no build target found for C:\Users\Nicol\OneDrive\Escritorio\clase_PFC\talleres-pfc-template\app\src\test\scala\taller\BuscarListaTest.scala. Using presentation compiler with project's scala-library version: 3.3.3
2024.09.14 15:51:44 INFO  no build target found for C:\Users\Nicol\OneDrive\Escritorio\clase_PFC\talleres-pfc-template\app\src\main\scala\taller\App.scala. Using presentation compiler with project's scala-library version: 3.3.3
2024.09.14 15:51:45 INFO  no build target found for C:\Users\Nicol\OneDrive\Escritorio\clase_PFC\talleres-pfc-template\app\src\main\scala\taller\App.scala. Using presentation compiler with project's scala-library version: 3.3.3
2024.09.14 15:52:37 INFO  no build target found for C:\Users\Nicol\OneDrive\Escritorio\clase_PFC\talleres-pfc-template\app\src\main\scala\taller\App.scala. Using presentation compiler with project's scala-library version: 3.3.3
2024.09.14 15:53:02 INFO  no build target found for C:\Users\Nicol\OneDrive\Escritorio\clase_PFC\talleres-pfc-template\app\src\main\scala\taller\App.scala. Using presentation compiler with project's scala-library version: 3.3.3
2024.09.14 15:53:05 INFO  no build target found for C:\Users\Nicol\OneDrive\Escritorio\clase_PFC\talleres-pfc-template\app\src\main\scala\taller\App.scala. Using presentation compiler with project's scala-library version: 3.3.3
2024.09.14 15:53:05 INFO  no build target found for C:\Users\Nicol\OneDrive\Escritorio\clase_PFC\talleres-pfc-template\app\src\main\scala\taller\App.scala. Using presentation compiler with project's scala-library version: 3.3.3
2024.09.14 15:53:16 INFO  no build target found for C:\Users\Nicol\OneDrive\Escritorio\clase_PFC\talleres-pfc-template\app\src\main\scala\taller\App.scala. Using presentation compiler with project's scala-library version: 3.3.3
2024.09.14 15:53:17 INFO  no build target found for C:\Users\Nicol\OneDrive\Escritorio\clase_PFC\talleres-pfc-template\app\src\main\scala\taller\App.scala. Using presentation compiler with project's scala-library version: 3.3.3
2024.09.14 15:53:21 INFO  no build target found for C:\Users\Nicol\OneDrive\Escritorio\clase_PFC\talleres-pfc-template\app\src\main\scala\taller\App.scala. Using presentation compiler with project's scala-library version: 3.3.3
2024.09.14 15:53:23 INFO  no build target found for C:\Users\Nicol\OneDrive\Escritorio\clase_PFC\talleres-pfc-template\app\src\main\scala\taller\App.scala. Using presentation compiler with project's scala-library version: 3.3.3
2024.09.14 15:53:23 INFO  no build target found for C:\Users\Nicol\OneDrive\Escritorio\clase_PFC\talleres-pfc-template\app\src\main\scala\taller\App.scala. Using presentation compiler with project's scala-library version: 3.3.3
2024.09.14 15:53:23 INFO  no build target found for C:\Users\Nicol\OneDrive\Escritorio\clase_PFC\talleres-pfc-template\app\src\main\scala\taller\App.scala. Using presentation compiler with project's scala-library version: 3.3.3
2024.09.14 15:53:24 WARN  no build target for: C:\Users\Nicol\OneDrive\Escritorio\clase_PFC\talleres-pfc-template\app\src\main\scala\taller\App.scala
2024.09.14 15:53:24 INFO  no build target found for C:\Users\Nicol\OneDrive\Escritorio\clase_PFC\talleres-pfc-template\app\src\main\scala\taller\App.scala. Using presentation compiler with project's scala-library version: 3.3.3
2024.09.14 15:53:25 INFO  no build target found for C:\Users\Nicol\OneDrive\Escritorio\clase_PFC\talleres-pfc-template\app\src\main\scala\taller\App.scala. Using presentation compiler with project's scala-library version: 3.3.3
2024.09.14 15:53:25 INFO  no build target found for C:\Users\Nicol\OneDrive\Escritorio\clase_PFC\talleres-pfc-template\app\src\main\scala\taller\App.scala. Using presentation compiler with project's scala-library version: 3.3.3
2024.09.14 15:53:25 INFO  no build target found for C:\Users\Nicol\OneDrive\Escritorio\clase_PFC\talleres-pfc-template\app\src\main\scala\taller\App.scala. Using presentation compiler with project's scala-library version: 3.3.3
2024.09.14 15:53:26 WARN  no build target for: C:\Users\Nicol\OneDrive\Escritorio\clase_PFC\talleres-pfc-template\app\src\main\scala\taller\App.scala
2024.09.14 15:53:26 INFO  no build target found for C:\Users\Nicol\OneDrive\Escritorio\clase_PFC\talleres-pfc-template\app\src\main\scala\taller\App.scala. Using presentation compiler with project's scala-library version: 3.3.3
2024.09.14 15:53:38 INFO  no build target found for C:\Users\Nicol\OneDrive\Escritorio\clase_PFC\talleres-pfc-template\app\src\main\scala\taller\App.scala. Using presentation compiler with project's scala-library version: 3.3.3
2024.09.14 15:53:44 INFO  no build target found for C:\Users\Nicol\OneDrive\Escritorio\clase_PFC\talleres-pfc-template\app\src\main\scala\taller\BuscarLista.scala. Using presentation compiler with project's scala-library version: 3.3.3
2024.09.14 15:53:44 INFO  no build target found for C:\Users\Nicol\OneDrive\Escritorio\clase_PFC\talleres-pfc-template\app\src\main\scala\taller\BuscarLista.scala. Using presentation compiler with project's scala-library version: 3.3.3
2024.09.14 15:53:46 INFO  no build target found for C:\Users\Nicol\OneDrive\Escritorio\clase_PFC\talleres-pfc-template\app\src\main\scala\taller\BuscarLista.scala. Using presentation compiler with project's scala-library version: 3.3.3
2024.09.14 15:53:58 INFO  no build target found for C:\Users\Nicol\OneDrive\Escritorio\clase_PFC\talleres-pfc-template\app\src\main\scala\taller\BuscarLista.scala. Using presentation compiler with project's scala-library version: 3.3.3
2024.09.14 15:55:12 INFO  no build target found for C:\Users\Nicol\OneDrive\Escritorio\clase_PFC\talleres-pfc-template\app\src\main\scala\taller\BuscarLista.scala. Using presentation compiler with project's scala-library version: 3.3.3
2024.09.14 15:55:13 INFO  no build target found for C:\Users\Nicol\OneDrive\Escritorio\clase_PFC\talleres-pfc-template\app\src\main\scala\taller\EjercicioMaxlist.java. Using presentation compiler with project's scala-library version: 3.3.3
2024.09.14 15:55:14 INFO  no build target found for C:\Users\Nicol\OneDrive\Escritorio\clase_PFC\talleres-pfc-template\app\src\main\scala\taller\EjercicioMaxlist.java. Using presentation compiler with project's scala-library version: 3.3.3
2024.09.14 15:55:14 WARN  Running javac-semanticdb failed for file:///C:/Users/Nicol/OneDrive/Escritorio/clase_PFC/talleres-pfc-template/app/src/main/scala/taller/EjercicioMaxlist.java. Output:

sept 14, 2024 3:55:14 P. M. scala.meta.internal.pc.CompilerAccess handleError
SEVERE: A severe compiler error occurred, full details of the error can be found in the error report C:\Users\Nicol\OneDrive\Escritorio\clase_PFC\talleres-pfc-template\.metals\.reports\metals-full\2024-09-14\r_compiler-error_15-55-14-475.md
2024.09.14 15:55:14 WARN  no build target for: C:\Users\Nicol\OneDrive\Escritorio\clase_PFC\talleres-pfc-template\app\src\main\scala\taller\EjercicioMaxlist.java
2024.09.14 15:55:19 INFO  no build target found for C:\Users\Nicol\OneDrive\Escritorio\clase_PFC\talleres-pfc-template\app\src\main\scala\taller\EjercicioMaxlist.java. Using presentation compiler with project's scala-library version: 3.3.3
sept 14, 2024 3:55:19 P. M. scala.meta.internal.pc.CompilerAccess handleError
SEVERE: A severe compiler error occurred, full details of the error can be found in the error report C:\Users\Nicol\OneDrive\Escritorio\clase_PFC\talleres-pfc-template\.metals\.reports\metals-full\2024-09-14\r_compiler-error_15-55-19-300.md
2024.09.14 15:56:19 INFO  no build target found for c:\Users\Nicol\OneDrive\Escritorio\clase_PFC\talleres-pfc-template\app\src\main\scala\taller\EjercicioMaxlist.java. Using presentation compiler with project's scala-library version: 3.3.3
2024.09.14 15:56:19 INFO  no build target found for C:\Users\Nicol\OneDrive\Escritorio\clase_PFC\talleres-pfc-template\app\src\main\scala\taller\BuscarLista.scala. Using presentation compiler with project's scala-library version: 3.3.3
2024.09.14 15:56:19 INFO  no build target found for C:\Users\Nicol\OneDrive\Escritorio\clase_PFC\talleres-pfc-template\app\src\main\scala\taller\BuscarLista.scala. Using presentation compiler with project's scala-library version: 3.3.3
2024.09.14 15:56:27 INFO  no build target found for C:\Users\Nicol\OneDrive\Escritorio\clase_PFC\talleres-pfc-template\app\src\main\scala\taller\EjercicioMaxlist.scala. Using presentation compiler with project's scala-library version: 3.3.3
2024.09.14 15:56:27 WARN  no build target for: C:\Users\Nicol\OneDrive\Escritorio\clase_PFC\talleres-pfc-template\app\src\main\scala\taller\EjercicioMaxlist.scala
2024.09.14 15:56:27 INFO  no build target found for C:\Users\Nicol\OneDrive\Escritorio\clase_PFC\talleres-pfc-template\app\src\main\scala\taller\EjercicioMaxlist.scala. Using presentation compiler with project's scala-library version: 3.3.3
2024.09.14 15:56:27 INFO  no build target found for C:\Users\Nicol\OneDrive\Escritorio\clase_PFC\talleres-pfc-template\app\src\main\scala\taller\BuscarLista.scala. Using presentation compiler with project's scala-library version: 3.3.3
2024.09.14 15:56:29 INFO  no build target found for C:\Users\Nicol\OneDrive\Escritorio\clase_PFC\talleres-pfc-template\app\src\main\scala\taller\EjercicioMaxlist.scala. Using presentation compiler with project's scala-library version: 3.3.3
2024.09.14 15:56:29 INFO  no build target found for C:\Users\Nicol\OneDrive\Escritorio\clase_PFC\talleres-pfc-template\app\src\main\scala\taller\EjercicioMaxlist.scala. Using presentation compiler with project's scala-library version: 3.3.3
2024.09.14 15:56:29 INFO  no build target found for C:\Users\Nicol\OneDrive\Escritorio\clase_PFC\talleres-pfc-template\app\src\main\scala\taller\EjercicioMaxlist.scala. Using presentation compiler with project's scala-library version: 3.3.3
2024.09.14 15:56:30 INFO  no build target found for C:\Users\Nicol\OneDrive\Escritorio\clase_PFC\talleres-pfc-template\app\src\main\scala\taller\EjercicioMaxlist.scala. Using presentation compiler with project's scala-library version: 3.3.3
2024.09.14 15:56:33 INFO  no build target found for C:\Users\Nicol\OneDrive\Escritorio\clase_PFC\talleres-pfc-template\app\src\main\scala\taller\EjercicioMaxlist.scala. Using presentation compiler with project's scala-library version: 3.3.3
2024.09.14 15:56:33 INFO  no build target found for C:\Users\Nicol\OneDrive\Escritorio\clase_PFC\talleres-pfc-template\app\src\main\scala\taller\EjercicioMaxlist.scala. Using presentation compiler with project's scala-library version: 3.3.3
2024.09.14 15:56:34 WARN  no build target for: C:\Users\Nicol\OneDrive\Escritorio\clase_PFC\talleres-pfc-template\app\src\main\scala\taller\EjercicioMaxlist.scala
2024.09.14 15:56:34 INFO  no build target found for C:\Users\Nicol\OneDrive\Escritorio\clase_PFC\talleres-pfc-template\app\src\main\scala\taller\EjercicioMaxlist.scala. Using presentation compiler with project's scala-library version: 3.3.3
2024.09.14 15:56:34 INFO  no build target found for C:\Users\Nicol\OneDrive\Escritorio\clase_PFC\talleres-pfc-template\app\src\main\scala\taller\EjercicioMaxlist.scala. Using presentation compiler with project's scala-library version: 3.3.3
2024.09.14 15:56:38 INFO  no build target found for C:\Users\Nicol\OneDrive\Escritorio\clase_PFC\talleres-pfc-template\app\src\main\scala\taller\EjercicioMaxlist.scala. Using presentation compiler with project's scala-library version: 3.3.3
2024.09.14 15:56:38 INFO  no build target found for C:\Users\Nicol\OneDrive\Escritorio\clase_PFC\talleres-pfc-template\app\src\main\scala\taller\EjercicioMaxlist.scala. Using presentation compiler with project's scala-library version: 3.3.3
2024.09.14 15:56:38 INFO  no build target found for C:\Users\Nicol\OneDrive\Escritorio\clase_PFC\talleres-pfc-template\app\src\main\scala\taller\EjercicioMaxlist.scala. Using presentation compiler with project's scala-library version: 3.3.3
2024.09.14 15:56:38 INFO  no build target found for C:\Users\Nicol\OneDrive\Escritorio\clase_PFC\talleres-pfc-template\app\src\main\scala\taller\EjercicioMaxlist.scala. Using presentation compiler with project's scala-library version: 3.3.3
2024.09.14 15:56:39 WARN  no build target for: C:\Users\Nicol\OneDrive\Escritorio\clase_PFC\talleres-pfc-template\app\src\main\scala\taller\EjercicioMaxlist.scala
2024.09.14 15:56:39 INFO  no build target found for C:\Users\Nicol\OneDrive\Escritorio\clase_PFC\talleres-pfc-template\app\src\main\scala\taller\EjercicioMaxlist.scala. Using presentation compiler with project's scala-library version: 3.3.3
2024.09.14 15:56:39 INFO  no build target found for C:\Users\Nicol\OneDrive\Escritorio\clase_PFC\talleres-pfc-template\app\src\main\scala\taller\EjercicioMaxlist.scala. Using presentation compiler with project's scala-library version: 3.3.3
2024.09.14 15:56:40 INFO  no build target found for C:\Users\Nicol\OneDrive\Escritorio\clase_PFC\talleres-pfc-template\app\src\main\scala\taller\EjercicioMaxlist.scala. Using presentation compiler with project's scala-library version: 3.3.3
2024.09.14 15:56:40 INFO  no build target found for C:\Users\Nicol\OneDrive\Escritorio\clase_PFC\talleres-pfc-template\app\src\main\scala\taller\EjercicioMaxlist.scala. Using presentation compiler with project's scala-library version: 3.3.3
2024.09.14 15:56:40 INFO  no build target found for C:\Users\Nicol\OneDrive\Escritorio\clase_PFC\talleres-pfc-template\app\src\main\scala\taller\EjercicioMaxlist.scala. Using presentation compiler with project's scala-library version: 3.3.3
2024.09.14 15:56:40 INFO  no build target found for C:\Users\Nicol\OneDrive\Escritorio\clase_PFC\talleres-pfc-template\app\src\main\scala\taller\EjercicioMaxlist.scala. Using presentation compiler with project's scala-library version: 3.3.3
2024.09.14 15:56:41 INFO  no build target found for C:\Users\Nicol\OneDrive\Escritorio\clase_PFC\talleres-pfc-template\app\src\main\scala\taller\EjercicioMaxlist.scala. Using presentation compiler with project's scala-library version: 3.3.3
2024.09.14 15:56:41 INFO  no build target found for C:\Users\Nicol\OneDrive\Escritorio\clase_PFC\talleres-pfc-template\app\src\main\scala\taller\EjercicioMaxlist.scala. Using presentation compiler with project's scala-library version: 3.3.3
2024.09.14 15:56:41 WARN  Could not find semantic tokens for: file:///C:/Users/Nicol/OneDrive/Escritorio/clase_PFC/talleres-pfc-template/app/src/main/scala/taller/EjercicioMaxlist.scala
2024.09.14 15:56:42 WARN  no build target for: C:\Users\Nicol\OneDrive\Escritorio\clase_PFC\talleres-pfc-template\app\src\main\scala\taller\EjercicioMaxlist.scala
2024.09.14 15:56:42 INFO  no build target found for C:\Users\Nicol\OneDrive\Escritorio\clase_PFC\talleres-pfc-template\app\src\main\scala\taller\EjercicioMaxlist.scala. Using presentation compiler with project's scala-library version: 3.3.3
2024.09.14 15:56:42 INFO  no build target found for C:\Users\Nicol\OneDrive\Escritorio\clase_PFC\talleres-pfc-template\app\src\main\scala\taller\EjercicioMaxlist.scala. Using presentation compiler with project's scala-library version: 3.3.3
2024.09.14 15:56:42 WARN  Could not find semantic tokens for: file:///C:/Users/Nicol/OneDrive/Escritorio/clase_PFC/talleres-pfc-template/app/src/main/scala/taller/EjercicioMaxlist.scala
2024.09.14 15:56:44 INFO  no build target found for C:\Users\Nicol\OneDrive\Escritorio\clase_PFC\talleres-pfc-template\app\src\main\scala\taller\EjercicioMaxlist.scala. Using presentation compiler with project's scala-library version: 3.3.3
2024.09.14 15:56:44 INFO  no build target found for C:\Users\Nicol\OneDrive\Escritorio\clase_PFC\talleres-pfc-template\app\src\main\scala\taller\BuscarLista.scala. Using presentation compiler with project's scala-library version: 3.3.3
2024.09.14 15:56:44 INFO  no build target found for C:\Users\Nicol\OneDrive\Escritorio\clase_PFC\talleres-pfc-template\app\src\main\scala\taller\EjercicioMaxlist.scala. Using presentation compiler with project's scala-library version: 3.3.3
2024.09.14 15:56:44 WARN  Could not find semantic tokens for: file:///C:/Users/Nicol/OneDrive/Escritorio/clase_PFC/talleres-pfc-template/app/src/main/scala/taller/EjercicioMaxlist.scala
2024.09.14 15:56:45 WARN  no build target for: C:\Users\Nicol\OneDrive\Escritorio\clase_PFC\talleres-pfc-template\app\src\main\scala\taller\EjercicioMaxlist.scala
2024.09.14 15:56:45 INFO  no build target found for C:\Users\Nicol\OneDrive\Escritorio\clase_PFC\talleres-pfc-template\app\src\main\scala\taller\EjercicioMaxlist.scala. Using presentation compiler with project's scala-library version: 3.3.3
2024.09.14 15:56:45 INFO  no build target found for C:\Users\Nicol\OneDrive\Escritorio\clase_PFC\talleres-pfc-template\app\src\main\scala\taller\EjercicioMaxlist.scala. Using presentation compiler with project's scala-library version: 3.3.3
2024.09.14 15:56:45 WARN  Could not find semantic tokens for: file:///C:/Users/Nicol/OneDrive/Escritorio/clase_PFC/talleres-pfc-template/app/src/main/scala/taller/EjercicioMaxlist.scala
2024.09.14 15:56:49 INFO  no build target found for C:\Users\Nicol\OneDrive\Escritorio\clase_PFC\talleres-pfc-template\app\src\main\scala\taller\App.scala. Using presentation compiler with project's scala-library version: 3.3.3
2024.09.14 15:56:52 INFO  no build target found for C:\Users\Nicol\OneDrive\Escritorio\clase_PFC\talleres-pfc-template\app\src\main\scala\taller\BuscarLista.scala. Using presentation compiler with project's scala-library version: 3.3.3
2024.09.14 15:56:52 INFO  no build target found for C:\Users\Nicol\OneDrive\Escritorio\clase_PFC\talleres-pfc-template\app\src\main\scala\taller\BuscarLista.scala. Using presentation compiler with project's scala-library version: 3.3.3
2024.09.14 15:56:54 INFO  no build target found for C:\Users\Nicol\OneDrive\Escritorio\clase_PFC\talleres-pfc-template\app\src\main\scala\taller\BuscarLista.scala. Using presentation compiler with project's scala-library version: 3.3.3
2024.09.14 15:57:01 INFO  no build target found for C:\Users\Nicol\OneDrive\Escritorio\clase_PFC\talleres-pfc-template\app\src\main\scala\taller\App.scala. Using presentation compiler with project's scala-library version: 3.3.3
2024.09.14 15:57:02 INFO  no build target found for C:\Users\Nicol\OneDrive\Escritorio\clase_PFC\talleres-pfc-template\app\src\main\scala\taller\App.scala. Using presentation compiler with project's scala-library version: 3.3.3
2024.09.14 15:57:03 INFO  no build target found for C:\Users\Nicol\OneDrive\Escritorio\clase_PFC\talleres-pfc-template\app\src\main\scala\taller\BuscarLista.scala. Using presentation compiler with project's scala-library version: 3.3.3
2024.09.14 15:57:03 INFO  no build target found for C:\Users\Nicol\OneDrive\Escritorio\clase_PFC\talleres-pfc-template\app\src\main\scala\taller\BuscarLista.scala. Using presentation compiler with project's scala-library version: 3.3.3
2024.09.14 15:57:04 INFO  no build target found for C:\Users\Nicol\OneDrive\Escritorio\clase_PFC\talleres-pfc-template\app\src\main\scala\taller\EjercicioMaxlist.scala. Using presentation compiler with project's scala-library version: 3.3.3
2024.09.14 15:57:04 WARN  Could not find semantic tokens for: file:///C:/Users/Nicol/OneDrive/Escritorio/clase_PFC/talleres-pfc-template/app/src/main/scala/taller/EjercicioMaxlist.scala
2024.09.14 15:57:05 INFO  no build target found for C:\Users\Nicol\OneDrive\Escritorio\clase_PFC\talleres-pfc-template\app\src\main\scala\taller\EjercicioMaxlist.scala. Using presentation compiler with project's scala-library version: 3.3.3
2024.09.14 15:57:05 INFO  no build target found for C:\Users\Nicol\OneDrive\Escritorio\clase_PFC\talleres-pfc-template\app\src\main\scala\taller\EjercicioMaxlist.scala. Using presentation compiler with project's scala-library version: 3.3.3
2024.09.14 15:57:05 INFO  no build target found for C:\Users\Nicol\OneDrive\Escritorio\clase_PFC\talleres-pfc-template\app\src\main\scala\taller\EjercicioMaxlist.scala. Using presentation compiler with project's scala-library version: 3.3.3
2024.09.14 15:57:05 INFO  no build target found for C:\Users\Nicol\OneDrive\Escritorio\clase_PFC\talleres-pfc-template\app\src\main\scala\taller\EjercicioMaxlist.scala. Using presentation compiler with project's scala-library version: 3.3.3
2024.09.14 15:57:05 INFO  no build target found for C:\Users\Nicol\OneDrive\Escritorio\clase_PFC\talleres-pfc-template\app\src\main\scala\taller\EjercicioMaxlist.scala. Using presentation compiler with project's scala-library version: 3.3.3
2024.09.14 15:57:05 INFO  no build target found for C:\Users\Nicol\OneDrive\Escritorio\clase_PFC\talleres-pfc-template\app\src\main\scala\taller\EjercicioMaxlist.scala. Using presentation compiler with project's scala-library version: 3.3.3
2024.09.14 15:57:06 INFO  no build target found for C:\Users\Nicol\OneDrive\Escritorio\clase_PFC\talleres-pfc-template\app\src\main\scala\taller\EjercicioMaxlist.scala. Using presentation compiler with project's scala-library version: 3.3.3
2024.09.14 15:57:06 INFO  no build target found for C:\Users\Nicol\OneDrive\Escritorio\clase_PFC\talleres-pfc-template\app\src\main\scala\taller\EjercicioMaxlist.scala. Using presentation compiler with project's scala-library version: 3.3.3
2024.09.14 15:57:06 INFO  no build target found for C:\Users\Nicol\OneDrive\Escritorio\clase_PFC\talleres-pfc-template\app\src\main\scala\taller\EjercicioMaxlist.scala. Using presentation compiler with project's scala-library version: 3.3.3
2024.09.14 15:57:07 INFO  no build target found for C:\Users\Nicol\OneDrive\Escritorio\clase_PFC\talleres-pfc-template\app\src\main\scala\taller\EjercicioMaxlist.scala. Using presentation compiler with project's scala-library version: 3.3.3
2024.09.14 15:57:08 INFO  no build target found for C:\Users\Nicol\OneDrive\Escritorio\clase_PFC\talleres-pfc-template\app\src\main\scala\taller\EjercicioMaxlist.scala. Using presentation compiler with project's scala-library version: 3.3.3
2024.09.14 15:57:08 INFO  no build target found for C:\Users\Nicol\OneDrive\Escritorio\clase_PFC\talleres-pfc-template\app\src\main\scala\taller\EjercicioMaxlist.scala. Using presentation compiler with project's scala-library version: 3.3.3
2024.09.14 15:57:09 WARN  no build target for: C:\Users\Nicol\OneDrive\Escritorio\clase_PFC\talleres-pfc-template\app\src\main\scala\taller\EjercicioMaxlist.scala
2024.09.14 15:57:09 INFO  no build target found for C:\Users\Nicol\OneDrive\Escritorio\clase_PFC\talleres-pfc-template\app\src\main\scala\taller\EjercicioMaxlist.scala. Using presentation compiler with project's scala-library version: 3.3.3
2024.09.14 15:57:09 INFO  no build target found for C:\Users\Nicol\OneDrive\Escritorio\clase_PFC\talleres-pfc-template\app\src\main\scala\taller\EjercicioMaxlist.scala. Using presentation compiler with project's scala-library version: 3.3.3
2024.09.14 15:57:09 INFO  no build target found for C:\Users\Nicol\OneDrive\Escritorio\clase_PFC\talleres-pfc-template\app\src\main\scala\taller\EjercicioMaxlist.scala. Using presentation compiler with project's scala-library version: 3.3.3
sept 14, 2024 3:57:09 P. M. org.eclipse.lsp4j.jsonrpc.RemoteEndpoint handleCancellation
WARNING: Unmatched cancel notification for request id 324
2024.09.14 15:57:09 INFO  no build target found for C:\Users\Nicol\OneDrive\Escritorio\clase_PFC\talleres-pfc-template\app\src\main\scala\taller\EjercicioMaxlist.scala. Using presentation compiler with project's scala-library version: 3.3.3
2024.09.14 15:57:10 WARN  no build target for: C:\Users\Nicol\OneDrive\Escritorio\clase_PFC\talleres-pfc-template\app\src\main\scala\taller\EjercicioMaxlist.scala
2024.09.14 15:57:10 INFO  no build target found for C:\Users\Nicol\OneDrive\Escritorio\clase_PFC\talleres-pfc-template\app\src\main\scala\taller\EjercicioMaxlist.scala. Using presentation compiler with project's scala-library version: 3.3.3
2024.09.14 15:57:10 INFO  no build target found for C:\Users\Nicol\OneDrive\Escritorio\clase_PFC\talleres-pfc-template\app\src\main\scala\taller\EjercicioMaxlist.scala. Using presentation compiler with project's scala-library version: 3.3.3
2024.09.14 15:57:13 INFO  no build target found for C:\Users\Nicol\OneDrive\Escritorio\clase_PFC\talleres-pfc-template\app\src\main\scala\taller\EjercicioMaxlist.scala. Using presentation compiler with project's scala-library version: 3.3.3
2024.09.14 15:57:13 INFO  no build target found for C:\Users\Nicol\OneDrive\Escritorio\clase_PFC\talleres-pfc-template\app\src\main\scala\taller\EjercicioMaxlist.scala. Using presentation compiler with project's scala-library version: 3.3.3
2024.09.14 15:57:14 WARN  no build target for: C:\Users\Nicol\OneDrive\Escritorio\clase_PFC\talleres-pfc-template\app\src\main\scala\taller\EjercicioMaxlist.scala
2024.09.14 15:57:14 INFO  no build target found for C:\Users\Nicol\OneDrive\Escritorio\clase_PFC\talleres-pfc-template\app\src\main\scala\taller\EjercicioMaxlist.scala. Using presentation compiler with project's scala-library version: 3.3.3
2024.09.14 15:57:14 INFO  no build target found for C:\Users\Nicol\OneDrive\Escritorio\clase_PFC\talleres-pfc-template\app\src\main\scala\taller\EjercicioMaxlist.scala. Using presentation compiler with project's scala-library version: 3.3.3
2024.09.14 15:57:43 INFO  no build target found for C:\Users\Nicol\OneDrive\Escritorio\clase_PFC\talleres-pfc-template\app\src\main\scala\taller\EjercicioMaxlist.scala. Using presentation compiler with project's scala-library version: 3.3.3
2024.09.14 15:57:43 INFO  no build target found for C:\Users\Nicol\OneDrive\Escritorio\clase_PFC\talleres-pfc-template\app\src\main\scala\taller\EjercicioMaxlist.scala. Using presentation compiler with project's scala-library version: 3.3.3
2024.09.14 15:57:43 INFO  no build target found for C:\Users\Nicol\OneDrive\Escritorio\clase_PFC\talleres-pfc-template\app\src\main\scala\taller\EjercicioMaxlist.scala. Using presentation compiler with project's scala-library version: 3.3.3
2024.09.14 15:57:43 INFO  no build target found for C:\Users\Nicol\OneDrive\Escritorio\clase_PFC\talleres-pfc-template\app\src\main\scala\taller\EjercicioMaxlist.scala. Using presentation compiler with project's scala-library version: 3.3.3
2024.09.14 15:57:44 WARN  no build target for: C:\Users\Nicol\OneDrive\Escritorio\clase_PFC\talleres-pfc-template\app\src\main\scala\taller\EjercicioMaxlist.scala
2024.09.14 15:57:44 INFO  no build target found for C:\Users\Nicol\OneDrive\Escritorio\clase_PFC\talleres-pfc-template\app\src\main\scala\taller\EjercicioMaxlist.scala. Using presentation compiler with project's scala-library version: 3.3.3
2024.09.14 15:57:46 INFO  no build target found for C:\Users\Nicol\OneDrive\Escritorio\clase_PFC\talleres-pfc-template\app\src\main\scala\taller\EjercicioMaxlist.scala. Using presentation compiler with project's scala-library version: 3.3.3
2024.09.14 15:57:46 INFO  no build target found for C:\Users\Nicol\OneDrive\Escritorio\clase_PFC\talleres-pfc-template\app\src\main\scala\taller\EjercicioMaxlist.scala. Using presentation compiler with project's scala-library version: 3.3.3
2024.09.14 15:57:46 INFO  no build target found for C:\Users\Nicol\OneDrive\Escritorio\clase_PFC\talleres-pfc-template\app\src\main\scala\taller\EjercicioMaxlist.scala. Using presentation compiler with project's scala-library version: 3.3.3
2024.09.14 15:57:46 INFO  no build target found for C:\Users\Nicol\OneDrive\Escritorio\clase_PFC\talleres-pfc-template\app\src\main\scala\taller\EjercicioMaxlist.scala. Using presentation compiler with project's scala-library version: 3.3.3
2024.09.14 15:57:47 WARN  no build target for: C:\Users\Nicol\OneDrive\Escritorio\clase_PFC\talleres-pfc-template\app\src\main\scala\taller\EjercicioMaxlist.scala
2024.09.14 15:57:46 INFO  no build target found for C:\Users\Nicol\OneDrive\Escritorio\clase_PFC\talleres-pfc-template\app\src\main\scala\taller\EjercicioMaxlist.scala. Using presentation compiler with project's scala-library version: 3.3.3
2024.09.14 15:57:50 INFO  no build target found for C:\Users\Nicol\OneDrive\Escritorio\clase_PFC\talleres-pfc-template\app\src\main\scala\taller\EjercicioMaxlist.scala. Using presentation compiler with project's scala-library version: 3.3.3
2024.09.14 15:57:50 INFO  no build target found for C:\Users\Nicol\OneDrive\Escritorio\clase_PFC\talleres-pfc-template\app\src\main\scala\taller\EjercicioMaxlist.scala. Using presentation compiler with project's scala-library version: 3.3.3
2024.09.14 15:57:50 INFO  no build target found for C:\Users\Nicol\OneDrive\Escritorio\clase_PFC\talleres-pfc-template\app\src\main\scala\taller\EjercicioMaxlist.scala. Using presentation compiler with project's scala-library version: 3.3.3
2024.09.14 15:57:51 WARN  no build target for: C:\Users\Nicol\OneDrive\Escritorio\clase_PFC\talleres-pfc-template\app\src\main\scala\taller\EjercicioMaxlist.scala
2024.09.14 15:57:50 INFO  no build target found for C:\Users\Nicol\OneDrive\Escritorio\clase_PFC\talleres-pfc-template\app\src\main\scala\taller\EjercicioMaxlist.scala. Using presentation compiler with project's scala-library version: 3.3.3
2024.09.14 15:58:10 INFO  no build target found for C:\Users\Nicol\OneDrive\Escritorio\clase_PFC\talleres-pfc-template\app\src\main\scala\taller\EjercicioMaxlist.scala. Using presentation compiler with project's scala-library version: 3.3.3
2024.09.14 15:58:10 INFO  no build target found for C:\Users\Nicol\OneDrive\Escritorio\clase_PFC\talleres-pfc-template\app\src\main\scala\taller\EjercicioMaxlist.scala. Using presentation compiler with project's scala-library version: 3.3.3
2024.09.14 15:58:10 INFO  no build target found for C:\Users\Nicol\OneDrive\Escritorio\clase_PFC\talleres-pfc-template\app\src\main\scala\taller\EjercicioMaxlist.scala. Using presentation compiler with project's scala-library version: 3.3.3
2024.09.14 15:58:11 WARN  no build target for: C:\Users\Nicol\OneDrive\Escritorio\clase_PFC\talleres-pfc-template\app\src\main\scala\taller\EjercicioMaxlist.scala
2024.09.14 15:58:11 INFO  no build target found for C:\Users\Nicol\OneDrive\Escritorio\clase_PFC\talleres-pfc-template\app\src\main\scala\taller\EjercicioMaxlist.scala. Using presentation compiler with project's scala-library version: 3.3.3
2024.09.14 15:58:14 INFO  no build target found for C:\Users\Nicol\OneDrive\Escritorio\clase_PFC\talleres-pfc-template\app\src\main\scala\taller\EjercicioMaxlist.scala. Using presentation compiler with project's scala-library version: 3.3.3
2024.09.14 15:58:14 INFO  no build target found for C:\Users\Nicol\OneDrive\Escritorio\clase_PFC\talleres-pfc-template\app\src\main\scala\taller\EjercicioMaxlist.scala. Using presentation compiler with project's scala-library version: 3.3.3
2024.09.14 15:58:14 INFO  no build target found for C:\Users\Nicol\OneDrive\Escritorio\clase_PFC\talleres-pfc-template\app\src\main\scala\taller\EjercicioMaxlist.scala. Using presentation compiler with project's scala-library version: 3.3.3
2024.09.14 15:58:14 INFO  no build target found for C:\Users\Nicol\OneDrive\Escritorio\clase_PFC\talleres-pfc-template\app\src\main\scala\taller\EjercicioMaxlist.scala. Using presentation compiler with project's scala-library version: 3.3.3
2024.09.14 15:58:15 WARN  no build target for: C:\Users\Nicol\OneDrive\Escritorio\clase_PFC\talleres-pfc-template\app\src\main\scala\taller\EjercicioMaxlist.scala
2024.09.14 15:58:14 INFO  no build target found for C:\Users\Nicol\OneDrive\Escritorio\clase_PFC\talleres-pfc-template\app\src\main\scala\taller\EjercicioMaxlist.scala. Using presentation compiler with project's scala-library version: 3.3.3
2024.09.14 15:58:17 INFO  no build target found for C:\Users\Nicol\OneDrive\Escritorio\clase_PFC\talleres-pfc-template\app\src\main\scala\taller\EjercicioMaxlist.scala. Using presentation compiler with project's scala-library version: 3.3.3
2024.09.14 15:58:18 INFO  no build target found for C:\Users\Nicol\OneDrive\Escritorio\clase_PFC\talleres-pfc-template\app\src\main\scala\taller\EjercicioMaxlist.scala. Using presentation compiler with project's scala-library version: 3.3.3
2024.09.14 15:58:18 INFO  no build target found for C:\Users\Nicol\OneDrive\Escritorio\clase_PFC\talleres-pfc-template\app\src\main\scala\taller\EjercicioMaxlist.scala. Using presentation compiler with project's scala-library version: 3.3.3
2024.09.14 15:58:19 WARN  no build target for: C:\Users\Nicol\OneDrive\Escritorio\clase_PFC\talleres-pfc-template\app\src\main\scala\taller\EjercicioMaxlist.scala
2024.09.14 15:58:19 INFO  no build target found for C:\Users\Nicol\OneDrive\Escritorio\clase_PFC\talleres-pfc-template\app\src\main\scala\taller\EjercicioMaxlist.scala. Using presentation compiler with project's scala-library version: 3.3.3
2024.09.14 15:58:32 INFO  no build target found for C:\Users\Nicol\OneDrive\Escritorio\clase_PFC\talleres-pfc-template\app\src\main\scala\taller\EjercicioMaxlist.scala. Using presentation compiler with project's scala-library version: 3.3.3
2024.09.14 15:58:33 INFO  no build target found for C:\Users\Nicol\OneDrive\Escritorio\clase_PFC\talleres-pfc-template\app\src\main\scala\taller\EjercicioMaxlist.scala. Using presentation compiler with project's scala-library version: 3.3.3
2024.09.14 15:58:33 INFO  no build target found for C:\Users\Nicol\OneDrive\Escritorio\clase_PFC\talleres-pfc-template\app\src\main\scala\taller\EjercicioMaxlist.scala. Using presentation compiler with project's scala-library version: 3.3.3
2024.09.14 15:58:32 INFO  no build target found for C:\Users\Nicol\OneDrive\Escritorio\clase_PFC\talleres-pfc-template\app\src\main\scala\taller\EjercicioMaxlist.scala. Using presentation compiler with project's scala-library version: 3.3.3
2024.09.14 15:58:34 WARN  no build target for: C:\Users\Nicol\OneDrive\Escritorio\clase_PFC\talleres-pfc-template\app\src\main\scala\taller\EjercicioMaxlist.scala
2024.09.14 15:58:34 INFO  no build target found for C:\Users\Nicol\OneDrive\Escritorio\clase_PFC\talleres-pfc-template\app\src\main\scala\taller\EjercicioMaxlist.scala. Using presentation compiler with project's scala-library version: 3.3.3
2024.09.14 15:58:34 INFO  no build target found for C:\Users\Nicol\OneDrive\Escritorio\clase_PFC\talleres-pfc-template\app\src\main\scala\taller\EjercicioMaxlist.scala. Using presentation compiler with project's scala-library version: 3.3.3
2024.09.14 15:58:34 INFO  no build target found for C:\Users\Nicol\OneDrive\Escritorio\clase_PFC\talleres-pfc-template\app\src\main\scala\taller\EjercicioMaxlist.scala. Using presentation compiler with project's scala-library version: 3.3.3
2024.09.14 15:58:35 INFO  no build target found for C:\Users\Nicol\OneDrive\Escritorio\clase_PFC\talleres-pfc-template\app\src\main\scala\taller\EjercicioMaxlist.scala. Using presentation compiler with project's scala-library version: 3.3.3
2024.09.14 15:58:35 INFO  no build target found for C:\Users\Nicol\OneDrive\Escritorio\clase_PFC\talleres-pfc-template\app\src\main\scala\taller\EjercicioMaxlist.scala. Using presentation compiler with project's scala-library version: 3.3.3
2024.09.14 15:58:36 WARN  no build target for: C:\Users\Nicol\OneDrive\Escritorio\clase_PFC\talleres-pfc-template\app\src\main\scala\taller\EjercicioMaxlist.scala
2024.09.14 15:58:35 INFO  no build target found for C:\Users\Nicol\OneDrive\Escritorio\clase_PFC\talleres-pfc-template\app\src\main\scala\taller\EjercicioMaxlist.scala. Using presentation compiler with project's scala-library version: 3.3.3
2024.09.14 15:58:41 INFO  no build target found for C:\Users\Nicol\OneDrive\Escritorio\clase_PFC\talleres-pfc-template\app\src\main\scala\taller\EjercicioMaxlist.scala. Using presentation compiler with project's scala-library version: 3.3.3
2024.09.14 15:58:41 INFO  no build target found for C:\Users\Nicol\OneDrive\Escritorio\clase_PFC\talleres-pfc-template\app\src\main\scala\taller\EjercicioMaxlist.scala. Using presentation compiler with project's scala-library version: 3.3.3
2024.09.14 15:58:41 INFO  no build target found for C:\Users\Nicol\OneDrive\Escritorio\clase_PFC\talleres-pfc-template\app\src\main\scala\taller\EjercicioMaxlist.scala. Using presentation compiler with project's scala-library version: 3.3.3
2024.09.14 15:58:41 INFO  no build target found for C:\Users\Nicol\OneDrive\Escritorio\clase_PFC\talleres-pfc-template\app\src\main\scala\taller\EjercicioMaxlist.scala. Using presentation compiler with project's scala-library version: 3.3.3
2024.09.14 15:58:41 WARN  no build target for: C:\Users\Nicol\OneDrive\Escritorio\clase_PFC\talleres-pfc-template\app\src\main\scala\taller\EjercicioMaxlist.scala
2024.09.14 15:58:42 INFO  no build target found for C:\Users\Nicol\OneDrive\Escritorio\clase_PFC\talleres-pfc-template\app\src\main\scala\taller\EjercicioMaxlist.scala. Using presentation compiler with project's scala-library version: 3.3.3
2024.09.14 15:58:42 INFO  no build target found for C:\Users\Nicol\OneDrive\Escritorio\clase_PFC\talleres-pfc-template\app\src\main\scala\taller\EjercicioMaxlist.scala. Using presentation compiler with project's scala-library version: 3.3.3
2024.09.14 15:58:42 INFO  no build target found for C:\Users\Nicol\OneDrive\Escritorio\clase_PFC\talleres-pfc-template\app\src\main\scala\taller\EjercicioMaxlist.scala. Using presentation compiler with project's scala-library version: 3.3.3
2024.09.14 15:58:49 INFO  no build target found for C:\Users\Nicol\OneDrive\Escritorio\clase_PFC\talleres-pfc-template\app\src\main\scala\taller\EjercicioMaxlist.scala. Using presentation compiler with project's scala-library version: 3.3.3
2024.09.14 15:58:49 INFO  no build target found for C:\Users\Nicol\OneDrive\Escritorio\clase_PFC\talleres-pfc-template\app\src\main\scala\taller\EjercicioMaxlist.scala. Using presentation compiler with project's scala-library version: 3.3.3
2024.09.14 15:58:50 INFO  no build target found for C:\Users\Nicol\OneDrive\Escritorio\clase_PFC\talleres-pfc-template\app\src\main\scala\taller\EjercicioMaxlist.scala. Using presentation compiler with project's scala-library version: 3.3.3
2024.09.14 15:58:49 WARN  no build target for: C:\Users\Nicol\OneDrive\Escritorio\clase_PFC\talleres-pfc-template\app\src\main\scala\taller\EjercicioMaxlist.scala
2024.09.14 15:58:50 INFO  no build target found for C:\Users\Nicol\OneDrive\Escritorio\clase_PFC\talleres-pfc-template\app\src\main\scala\taller\EjercicioMaxlist.scala. Using presentation compiler with project's scala-library version: 3.3.3
2024.09.14 15:59:30 INFO  no build target found for C:\Users\Nicol\OneDrive\Escritorio\clase_PFC\talleres-pfc-template\app\src\main\scala\taller\EjercicioMaxlist.scala. Using presentation compiler with project's scala-library version: 3.3.3
2024.09.14 15:59:30 INFO  no build target found for C:\Users\Nicol\OneDrive\Escritorio\clase_PFC\talleres-pfc-template\app\src\main\scala\taller\EjercicioMaxlist.scala. Using presentation compiler with project's scala-library version: 3.3.3
2024.09.14 15:59:31 INFO  no build target found for C:\Users\Nicol\OneDrive\Escritorio\clase_PFC\talleres-pfc-template\app\src\main\scala\taller\EjercicioMaxlist.scala. Using presentation compiler with project's scala-library version: 3.3.3
2024.09.14 15:59:32 INFO  no build target found for C:\Users\Nicol\OneDrive\Escritorio\clase_PFC\talleres-pfc-template\app\src\main\scala\taller\EjercicioMaxlist.scala. Using presentation compiler with project's scala-library version: 3.3.3
2024.09.14 16:01:24 INFO  no build target found for C:\Users\Nicol\OneDrive\Escritorio\clase_PFC\talleres-pfc-template\app\src\main\scala\taller\EjercicioMaxlist.scala. Using presentation compiler with project's scala-library version: 3.3.3
2024.09.14 16:01:33 INFO  no build target found for C:\Users\Nicol\OneDrive\Escritorio\clase_PFC\talleres-pfc-template\app\src\main\scala\taller\EjercicioMaxlist.scala. Using presentation compiler with project's scala-library version: 3.3.3
2024.09.14 16:01:35 INFO  no build target found for C:\Users\Nicol\OneDrive\Escritorio\clase_PFC\talleres-pfc-template\app\src\main\scala\taller\EjercicioMaxlist.scala. Using presentation compiler with project's scala-library version: 3.3.3
2024.09.14 16:02:09 INFO  no build target found for C:\Users\Nicol\OneDrive\Escritorio\clase_PFC\talleres-pfc-template\app\src\main\scala\taller\BuscarLista.scala. Using presentation compiler with project's scala-library version: 3.3.3
2024.09.14 16:02:12 INFO  no build target found for C:\Users\Nicol\OneDrive\Escritorio\clase_PFC\talleres-pfc-template\app\src\main\scala\taller\BuscarLista.scala. Using presentation compiler with project's scala-library version: 3.3.3
2024.09.14 16:02:12 INFO  no build target found for C:\Users\Nicol\OneDrive\Escritorio\clase_PFC\talleres-pfc-template\app\src\test\scala\taller\BuscarListaTest.scala. Using presentation compiler with project's scala-library version: 3.3.3
2024.09.14 16:02:12 INFO  no build target found for C:\Users\Nicol\OneDrive\Escritorio\clase_PFC\talleres-pfc-template\app\src\test\scala\taller\BuscarListaTest.scala. Using presentation compiler with project's scala-library version: 3.3.3
2024.09.14 16:03:04 INFO  no build target found for C:\Users\Nicol\OneDrive\Escritorio\clase_PFC\talleres-pfc-template\app\src\test\scala\taller\BuscarListaTest.scala. Using presentation compiler with project's scala-library version: 3.3.3
2024.09.14 16:03:04 INFO  no build target found for C:\Users\Nicol\OneDrive\Escritorio\clase_PFC\talleres-pfc-template\app\src\test\scala\taller\BuscarListaTest.scala. Using presentation compiler with project's scala-library version: 3.3.3
2024.09.14 16:03:06 INFO  no build target found for C:\Users\Nicol\OneDrive\Escritorio\clase_PFC\talleres-pfc-template\app\src\test\scala\taller\BuscarListaTest.scala. Using presentation compiler with project's scala-library version: 3.3.3
2024.09.14 16:03:09 INFO  no build target found for C:\Users\Nicol\OneDrive\Escritorio\clase_PFC\talleres-pfc-template\app\src\test\scala\taller\BuscarListaTest.scala. Using presentation compiler with project's scala-library version: 3.3.3
2024.09.14 16:04:24 INFO  no build target found for C:\Users\Nicol\OneDrive\Escritorio\clase_PFC\talleres-pfc-template\app\src\test\scala\taller\BuscarListaTest.scala. Using presentation compiler with project's scala-library version: 3.3.3
2024.09.14 16:10:53 INFO  no build target found for C:\Users\Nicol\OneDrive\Escritorio\clase_PFC\talleres-pfc-template\app\src\test\scala\taller\BuscarListaTest.scala. Using presentation compiler with project's scala-library version: 3.3.3
2024.09.14 16:10:53 INFO  no build target found for C:\Users\Nicol\OneDrive\Escritorio\clase_PFC\talleres-pfc-template\app\src\main\scala\taller\EjercicioMaxlist.scala. Using presentation compiler with project's scala-library version: 3.3.3
2024.09.14 16:10:53 INFO  no build target found for C:\Users\Nicol\OneDrive\Escritorio\clase_PFC\talleres-pfc-template\app\src\main\scala\taller\EjercicioMaxlist.scala. Using presentation compiler with project's scala-library version: 3.3.3
2024.09.14 16:10:54 INFO  no build target found for C:\Users\Nicol\OneDrive\Escritorio\clase_PFC\talleres-pfc-template\app\src\main\scala\taller\EjercicioMaxlist.scala. Using presentation compiler with project's scala-library version: 3.3.3
2024.09.14 16:10:58 INFO  no build target found for C:\Users\Nicol\OneDrive\Escritorio\clase_PFC\talleres-pfc-template\app\src\main\scala\taller\EjercicioMaxlist.scala. Using presentation compiler with project's scala-library version: 3.3.3
2024.09.14 16:11:22 INFO  no build target found for C:\Users\Nicol\OneDrive\Escritorio\clase_PFC\talleres-pfc-template\app\src\main\scala\taller\EjercicioMaxlist.scala. Using presentation compiler with project's scala-library version: 3.3.3
2024.09.14 16:11:22 INFO  no build target found for C:\Users\Nicol\OneDrive\Escritorio\clase_PFC\talleres-pfc-template\app\src\main\scala\taller\EjercicioMaxlist.scala. Using presentation compiler with project's scala-library version: 3.3.3
2024.09.14 16:11:22 INFO  no build target found for C:\Users\Nicol\OneDrive\Escritorio\clase_PFC\talleres-pfc-template\app\src\main\scala\taller\EjercicioMaxlist.scala. Using presentation compiler with project's scala-library version: 3.3.3
2024.09.14 16:11:26 INFO  no build target found for C:\Users\Nicol\OneDrive\Escritorio\clase_PFC\talleres-pfc-template\app\src\main\scala\taller\EjercicioMaxlist.scala. Using presentation compiler with project's scala-library version: 3.3.3
2024.09.14 16:11:26 INFO  no build target found for C:\Users\Nicol\OneDrive\Escritorio\clase_PFC\talleres-pfc-template\app\src\main\scala\taller\EjercicioMaxlist.scala. Using presentation compiler with project's scala-library version: 3.3.3
2024.09.14 16:11:26 INFO  no build target found for C:\Users\Nicol\OneDrive\Escritorio\clase_PFC\talleres-pfc-template\app\src\main\scala\taller\EjercicioMaxlist.scala. Using presentation compiler with project's scala-library version: 3.3.3
2024.09.14 16:11:27 WARN  no build target for: C:\Users\Nicol\OneDrive\Escritorio\clase_PFC\talleres-pfc-template\app\src\main\scala\taller\EjercicioMaxlist.scala
2024.09.14 16:11:27 INFO  no build target found for C:\Users\Nicol\OneDrive\Escritorio\clase_PFC\talleres-pfc-template\app\src\main\scala\taller\EjercicioMaxlist.scala. Using presentation compiler with project's scala-library version: 3.3.3
2024.09.14 16:11:28 INFO  no build target found for C:\Users\Nicol\OneDrive\Escritorio\clase_PFC\talleres-pfc-template\app\src\main\scala\taller\EjercicioMaxlist.scala. Using presentation compiler with project's scala-library version: 3.3.3
2024.09.14 16:11:28 INFO  no build target found for C:\Users\Nicol\OneDrive\Escritorio\clase_PFC\talleres-pfc-template\app\src\main\scala\taller\EjercicioMaxlist.scala. Using presentation compiler with project's scala-library version: 3.3.3
2024.09.14 16:11:28 INFO  no build target found for C:\Users\Nicol\OneDrive\Escritorio\clase_PFC\talleres-pfc-template\app\src\main\scala\taller\EjercicioMaxlist.scala. Using presentation compiler with project's scala-library version: 3.3.3
2024.09.14 16:11:29 WARN  no build target for: C:\Users\Nicol\OneDrive\Escritorio\clase_PFC\talleres-pfc-template\app\src\main\scala\taller\EjercicioMaxlist.scala
2024.09.14 16:11:29 INFO  no build target found for C:\Users\Nicol\OneDrive\Escritorio\clase_PFC\talleres-pfc-template\app\src\main\scala\taller\EjercicioMaxlist.scala. Using presentation compiler with project's scala-library version: 3.3.3
2024.09.14 16:11:29 INFO  no build target found for C:\Users\Nicol\OneDrive\Escritorio\clase_PFC\talleres-pfc-template\app\src\main\scala\taller\EjercicioMaxlist.scala. Using presentation compiler with project's scala-library version: 3.3.3
2024.09.14 16:11:30 INFO  no build target found for C:\Users\Nicol\OneDrive\Escritorio\clase_PFC\talleres-pfc-template\app\src\main\scala\taller\EjercicioMaxlist.scala. Using presentation compiler with project's scala-library version: 3.3.3
2024.09.14 16:11:30 INFO  no build target found for C:\Users\Nicol\OneDrive\Escritorio\clase_PFC\talleres-pfc-template\app\src\main\scala\taller\EjercicioMaxlist.scala. Using presentation compiler with project's scala-library version: 3.3.3
2024.09.14 16:11:29 INFO  no build target found for C:\Users\Nicol\OneDrive\Escritorio\clase_PFC\talleres-pfc-template\app\src\main\scala\taller\EjercicioMaxlist.scala. Using presentation compiler with project's scala-library version: 3.3.3
2024.09.14 16:11:30 INFO  no build target found for C:\Users\Nicol\OneDrive\Escritorio\clase_PFC\talleres-pfc-template\app\src\main\scala\taller\EjercicioMaxlist.scala. Using presentation compiler with project's scala-library version: 3.3.3
2024.09.14 16:11:30 INFO  no build target found for C:\Users\Nicol\OneDrive\Escritorio\clase_PFC\talleres-pfc-template\app\src\main\scala\taller\EjercicioMaxlist.scala. Using presentation compiler with project's scala-library version: 3.3.3
2024.09.14 16:11:31 INFO  no build target found for C:\Users\Nicol\OneDrive\Escritorio\clase_PFC\talleres-pfc-template\app\src\main\scala\taller\EjercicioMaxlist.scala. Using presentation compiler with project's scala-library version: 3.3.3
2024.09.14 16:11:30 INFO  no build target found for C:\Users\Nicol\OneDrive\Escritorio\clase_PFC\talleres-pfc-template\app\src\main\scala\taller\EjercicioMaxlist.scala. Using presentation compiler with project's scala-library version: 3.3.3
2024.09.14 16:11:31 INFO  no build target found for C:\Users\Nicol\OneDrive\Escritorio\clase_PFC\talleres-pfc-template\app\src\main\scala\taller\EjercicioMaxlist.scala. Using presentation compiler with project's scala-library version: 3.3.3
2024.09.14 16:11:32 WARN  no build target for: C:\Users\Nicol\OneDrive\Escritorio\clase_PFC\talleres-pfc-template\app\src\main\scala\taller\EjercicioMaxlist.scala
2024.09.14 16:11:32 INFO  no build target found for C:\Users\Nicol\OneDrive\Escritorio\clase_PFC\talleres-pfc-template\app\src\main\scala\taller\EjercicioMaxlist.scala. Using presentation compiler with project's scala-library version: 3.3.3
2024.09.14 16:11:32 INFO  no build target found for C:\Users\Nicol\OneDrive\Escritorio\clase_PFC\talleres-pfc-template\app\src\main\scala\taller\EjercicioMaxlist.scala. Using presentation compiler with project's scala-library version: 3.3.3
2024.09.14 16:11:34 INFO  no build target found for C:\Users\Nicol\OneDrive\Escritorio\clase_PFC\talleres-pfc-template\app\src\main\scala\taller\EjercicioMaxlist.scala. Using presentation compiler with project's scala-library version: 3.3.3
2024.09.14 16:11:34 INFO  no build target found for C:\Users\Nicol\OneDrive\Escritorio\clase_PFC\talleres-pfc-template\app\src\main\scala\taller\EjercicioMaxlist.scala. Using presentation compiler with project's scala-library version: 3.3.3
2024.09.14 16:11:34 INFO  no build target found for C:\Users\Nicol\OneDrive\Escritorio\clase_PFC\talleres-pfc-template\app\src\main\scala\taller\EjercicioMaxlist.scala. Using presentation compiler with project's scala-library version: 3.3.3
2024.09.14 16:11:34 INFO  no build target found for C:\Users\Nicol\OneDrive\Escritorio\clase_PFC\talleres-pfc-template\app\src\main\scala\taller\EjercicioMaxlist.scala. Using presentation compiler with project's scala-library version: 3.3.3
2024.09.14 16:11:35 INFO  no build target found for C:\Users\Nicol\OneDrive\Escritorio\clase_PFC\talleres-pfc-template\app\src\main\scala\taller\EjercicioMaxlist.scala. Using presentation compiler with project's scala-library version: 3.3.3
2024.09.14 16:11:35 INFO  no build target found for C:\Users\Nicol\OneDrive\Escritorio\clase_PFC\talleres-pfc-template\app\src\main\scala\taller\EjercicioMaxlist.scala. Using presentation compiler with project's scala-library version: 3.3.3
2024.09.14 16:11:36 INFO  no build target found for C:\Users\Nicol\OneDrive\Escritorio\clase_PFC\talleres-pfc-template\app\src\main\scala\taller\EjercicioMaxlist.scala. Using presentation compiler with project's scala-library version: 3.3.3
2024.09.14 16:11:35 INFO  no build target found for C:\Users\Nicol\OneDrive\Escritorio\clase_PFC\talleres-pfc-template\app\src\main\scala\taller\EjercicioMaxlist.scala. Using presentation compiler with project's scala-library version: 3.3.3
2024.09.14 16:11:36 INFO  no build target found for C:\Users\Nicol\OneDrive\Escritorio\clase_PFC\talleres-pfc-template\app\src\main\scala\taller\EjercicioMaxlist.scala. Using presentation compiler with project's scala-library version: 3.3.3
sept 14, 2024 4:11:36 P. M. org.eclipse.lsp4j.jsonrpc.RemoteEndpoint handleCancellation
WARNING: Unmatched cancel notification for request id 583
2024.09.14 16:11:36 INFO  no build target found for C:\Users\Nicol\OneDrive\Escritorio\clase_PFC\talleres-pfc-template\app\src\main\scala\taller\EjercicioMaxlist.scala. Using presentation compiler with project's scala-library version: 3.3.3
2024.09.14 16:11:35 INFO  no build target found for C:\Users\Nicol\OneDrive\Escritorio\clase_PFC\talleres-pfc-template\app\src\main\scala\taller\EjercicioMaxlist.scala. Using presentation compiler with project's scala-library version: 3.3.3
2024.09.14 16:11:35 INFO  no build target found for C:\Users\Nicol\OneDrive\Escritorio\clase_PFC\talleres-pfc-template\app\src\main\scala\taller\EjercicioMaxlist.scala. Using presentation compiler with project's scala-library version: 3.3.3
2024.09.14 16:11:36 INFO  no build target found for C:\Users\Nicol\OneDrive\Escritorio\clase_PFC\talleres-pfc-template\app\src\main\scala\taller\EjercicioMaxlist.scala. Using presentation compiler with project's scala-library version: 3.3.3
2024.09.14 16:11:36 INFO  no build target found for C:\Users\Nicol\OneDrive\Escritorio\clase_PFC\talleres-pfc-template\app\src\main\scala\taller\EjercicioMaxlist.scala. Using presentation compiler with project's scala-library version: 3.3.3
2024.09.14 16:11:37 INFO  no build target found for C:\Users\Nicol\OneDrive\Escritorio\clase_PFC\talleres-pfc-template\app\src\main\scala\taller\EjercicioMaxlist.scala. Using presentation compiler with project's scala-library version: 3.3.3
2024.09.14 16:11:37 INFO  no build target found for C:\Users\Nicol\OneDrive\Escritorio\clase_PFC\talleres-pfc-template\app\src\main\scala\taller\EjercicioMaxlist.scala. Using presentation compiler with project's scala-library version: 3.3.3
2024.09.14 16:11:37 INFO  no build target found for C:\Users\Nicol\OneDrive\Escritorio\clase_PFC\talleres-pfc-template\app\src\main\scala\taller\EjercicioMaxlist.scala. Using presentation compiler with project's scala-library version: 3.3.3
2024.09.14 16:11:37 INFO  no build target found for C:\Users\Nicol\OneDrive\Escritorio\clase_PFC\talleres-pfc-template\app\src\main\scala\taller\EjercicioMaxlist.scala. Using presentation compiler with project's scala-library version: 3.3.3
2024.09.14 16:11:37 INFO  no build target found for C:\Users\Nicol\OneDrive\Escritorio\clase_PFC\talleres-pfc-template\app\src\main\scala\taller\EjercicioMaxlist.scala. Using presentation compiler with project's scala-library version: 3.3.3
2024.09.14 16:11:37 INFO  no build target found for C:\Users\Nicol\OneDrive\Escritorio\clase_PFC\talleres-pfc-template\app\src\main\scala\taller\EjercicioMaxlist.scala. Using presentation compiler with project's scala-library version: 3.3.3
2024.09.14 16:11:37 INFO  no build target found for C:\Users\Nicol\OneDrive\Escritorio\clase_PFC\talleres-pfc-template\app\src\main\scala\taller\EjercicioMaxlist.scala. Using presentation compiler with project's scala-library version: 3.3.3
2024.09.14 16:11:38 INFO  no build target found for C:\Users\Nicol\OneDrive\Escritorio\clase_PFC\talleres-pfc-template\app\src\main\scala\taller\EjercicioMaxlist.scala. Using presentation compiler with project's scala-library version: 3.3.3
2024.09.14 16:11:38 INFO  no build target found for C:\Users\Nicol\OneDrive\Escritorio\clase_PFC\talleres-pfc-template\app\src\main\scala\taller\EjercicioMaxlist.scala. Using presentation compiler with project's scala-library version: 3.3.3
2024.09.14 16:11:38 INFO  no build target found for C:\Users\Nicol\OneDrive\Escritorio\clase_PFC\talleres-pfc-template\app\src\main\scala\taller\EjercicioMaxlist.scala. Using presentation compiler with project's scala-library version: 3.3.3
2024.09.14 16:11:38 INFO  no build target found for C:\Users\Nicol\OneDrive\Escritorio\clase_PFC\talleres-pfc-template\app\src\main\scala\taller\EjercicioMaxlist.scala. Using presentation compiler with project's scala-library version: 3.3.3
2024.09.14 16:11:39 INFO  no build target found for C:\Users\Nicol\OneDrive\Escritorio\clase_PFC\talleres-pfc-template\app\src\main\scala\taller\EjercicioMaxlist.scala. Using presentation compiler with project's scala-library version: 3.3.3
2024.09.14 16:11:38 INFO  no build target found for C:\Users\Nicol\OneDrive\Escritorio\clase_PFC\talleres-pfc-template\app\src\main\scala\taller\EjercicioMaxlist.scala. Using presentation compiler with project's scala-library version: 3.3.3
2024.09.14 16:11:39 INFO  no build target found for C:\Users\Nicol\OneDrive\Escritorio\clase_PFC\talleres-pfc-template\app\src\main\scala\taller\EjercicioMaxlist.scala. Using presentation compiler with project's scala-library version: 3.3.3
2024.09.14 16:11:39 INFO  no build target found for C:\Users\Nicol\OneDrive\Escritorio\clase_PFC\talleres-pfc-template\app\src\main\scala\taller\EjercicioMaxlist.scala. Using presentation compiler with project's scala-library version: 3.3.3
2024.09.14 16:11:40 INFO  no build target found for C:\Users\Nicol\OneDrive\Escritorio\clase_PFC\talleres-pfc-template\app\src\main\scala\taller\EjercicioMaxlist.scala. Using presentation compiler with project's scala-library version: 3.3.3
2024.09.14 16:11:39 INFO  no build target found for C:\Users\Nicol\OneDrive\Escritorio\clase_PFC\talleres-pfc-template\app\src\main\scala\taller\EjercicioMaxlist.scala. Using presentation compiler with project's scala-library version: 3.3.3
2024.09.14 16:11:40 INFO  no build target found for C:\Users\Nicol\OneDrive\Escritorio\clase_PFC\talleres-pfc-template\app\src\main\scala\taller\EjercicioMaxlist.scala. Using presentation compiler with project's scala-library version: 3.3.3
2024.09.14 16:11:41 WARN  no build target for: C:\Users\Nicol\OneDrive\Escritorio\clase_PFC\talleres-pfc-template\app\src\main\scala\taller\EjercicioMaxlist.scala
2024.09.14 16:11:40 INFO  no build target found for C:\Users\Nicol\OneDrive\Escritorio\clase_PFC\talleres-pfc-template\app\src\main\scala\taller\EjercicioMaxlist.scala. Using presentation compiler with project's scala-library version: 3.3.3
2024.09.14 16:11:42 INFO  no build target found for C:\Users\Nicol\OneDrive\Escritorio\clase_PFC\talleres-pfc-template\app\src\main\scala\taller\EjercicioMaxlist.scala. Using presentation compiler with project's scala-library version: 3.3.3
2024.09.14 16:11:43 INFO  no build target found for C:\Users\Nicol\OneDrive\Escritorio\clase_PFC\talleres-pfc-template\app\src\main\scala\taller\EjercicioMaxlist.scala. Using presentation compiler with project's scala-library version: 3.3.3
2024.09.14 16:11:43 INFO  no build target found for C:\Users\Nicol\OneDrive\Escritorio\clase_PFC\talleres-pfc-template\app\src\main\scala\taller\EjercicioMaxlist.scala. Using presentation compiler with project's scala-library version: 3.3.3
2024.09.14 16:11:43 WARN  no build target for: C:\Users\Nicol\OneDrive\Escritorio\clase_PFC\talleres-pfc-template\app\src\main\scala\taller\EjercicioMaxlist.scala
2024.09.14 16:11:43 INFO  no build target found for C:\Users\Nicol\OneDrive\Escritorio\clase_PFC\talleres-pfc-template\app\src\main\scala\taller\EjercicioMaxlist.scala. Using presentation compiler with project's scala-library version: 3.3.3
2024.09.14 16:11:43 INFO  no build target found for C:\Users\Nicol\OneDrive\Escritorio\clase_PFC\talleres-pfc-template\app\src\main\scala\taller\EjercicioMaxlist.scala. Using presentation compiler with project's scala-library version: 3.3.3
2024.09.14 16:11:43 INFO  no build target found for C:\Users\Nicol\OneDrive\Escritorio\clase_PFC\talleres-pfc-template\app\src\main\scala\taller\EjercicioMaxlist.scala. Using presentation compiler with project's scala-library version: 3.3.3
2024.09.14 16:11:44 INFO  no build target found for C:\Users\Nicol\OneDrive\Escritorio\clase_PFC\talleres-pfc-template\app\src\main\scala\taller\EjercicioMaxlist.scala. Using presentation compiler with project's scala-library version: 3.3.3
2024.09.14 16:11:43 INFO  no build target found for C:\Users\Nicol\OneDrive\Escritorio\clase_PFC\talleres-pfc-template\app\src\main\scala\taller\EjercicioMaxlist.scala. Using presentation compiler with project's scala-library version: 3.3.3
2024.09.14 16:11:45 WARN  no build target for: C:\Users\Nicol\OneDrive\Escritorio\clase_PFC\talleres-pfc-template\app\src\main\scala\taller\EjercicioMaxlist.scala
2024.09.14 16:11:44 INFO  no build target found for C:\Users\Nicol\OneDrive\Escritorio\clase_PFC\talleres-pfc-template\app\src\main\scala\taller\EjercicioMaxlist.scala. Using presentation compiler with project's scala-library version: 3.3.3
2024.09.14 16:11:45 INFO  no build target found for C:\Users\Nicol\OneDrive\Escritorio\clase_PFC\talleres-pfc-template\app\src\main\scala\taller\EjercicioMaxlist.scala. Using presentation compiler with project's scala-library version: 3.3.3
2024.09.14 16:11:45 INFO  no build target found for C:\Users\Nicol\OneDrive\Escritorio\clase_PFC\talleres-pfc-template\app\src\main\scala\taller\EjercicioMaxlist.scala. Using presentation compiler with project's scala-library version: 3.3.3
2024.09.14 16:11:45 INFO  no build target found for C:\Users\Nicol\OneDrive\Escritorio\clase_PFC\talleres-pfc-template\app\src\main\scala\taller\EjercicioMaxlist.scala. Using presentation compiler with project's scala-library version: 3.3.3
2024.09.14 16:11:45 INFO  no build target found for C:\Users\Nicol\OneDrive\Escritorio\clase_PFC\talleres-pfc-template\app\src\main\scala\taller\EjercicioMaxlist.scala. Using presentation compiler with project's scala-library version: 3.3.3
2024.09.14 16:11:45 INFO  no build target found for C:\Users\Nicol\OneDrive\Escritorio\clase_PFC\talleres-pfc-template\app\src\main\scala\taller\EjercicioMaxlist.scala. Using presentation compiler with project's scala-library version: 3.3.3
2024.09.14 16:11:46 INFO  no build target found for C:\Users\Nicol\OneDrive\Escritorio\clase_PFC\talleres-pfc-template\app\src\main\scala\taller\EjercicioMaxlist.scala. Using presentation compiler with project's scala-library version: 3.3.3
2024.09.14 16:11:46 INFO  no build target found for C:\Users\Nicol\OneDrive\Escritorio\clase_PFC\talleres-pfc-template\app\src\main\scala\taller\EjercicioMaxlist.scala. Using presentation compiler with project's scala-library version: 3.3.3
2024.09.14 16:11:46 INFO  no build target found for C:\Users\Nicol\OneDrive\Escritorio\clase_PFC\talleres-pfc-template\app\src\main\scala\taller\EjercicioMaxlist.scala. Using presentation compiler with project's scala-library version: 3.3.3
2024.09.14 16:11:46 INFO  no build target found for C:\Users\Nicol\OneDrive\Escritorio\clase_PFC\talleres-pfc-template\app\src\main\scala\taller\EjercicioMaxlist.scala. Using presentation compiler with project's scala-library version: 3.3.3
2024.09.14 16:11:46 INFO  no build target found for C:\Users\Nicol\OneDrive\Escritorio\clase_PFC\talleres-pfc-template\app\src\main\scala\taller\EjercicioMaxlist.scala. Using presentation compiler with project's scala-library version: 3.3.3
2024.09.14 16:11:46 INFO  no build target found for C:\Users\Nicol\OneDrive\Escritorio\clase_PFC\talleres-pfc-template\app\src\main\scala\taller\EjercicioMaxlist.scala. Using presentation compiler with project's scala-library version: 3.3.3
2024.09.14 16:11:46 INFO  no build target found for C:\Users\Nicol\OneDrive\Escritorio\clase_PFC\talleres-pfc-template\app\src\main\scala\taller\EjercicioMaxlist.scala. Using presentation compiler with project's scala-library version: 3.3.3
2024.09.14 16:11:47 INFO  no build target found for C:\Users\Nicol\OneDrive\Escritorio\clase_PFC\talleres-pfc-template\app\src\main\scala\taller\EjercicioMaxlist.scala. Using presentation compiler with project's scala-library version: 3.3.3
2024.09.14 16:11:46 INFO  no build target found for C:\Users\Nicol\OneDrive\Escritorio\clase_PFC\talleres-pfc-template\app\src\main\scala\taller\EjercicioMaxlist.scala. Using presentation compiler with project's scala-library version: 3.3.3
2024.09.14 16:11:47 INFO  no build target found for C:\Users\Nicol\OneDrive\Escritorio\clase_PFC\talleres-pfc-template\app\src\main\scala\taller\EjercicioMaxlist.scala. Using presentation compiler with project's scala-library version: 3.3.3
2024.09.14 16:11:47 INFO  no build target found for C:\Users\Nicol\OneDrive\Escritorio\clase_PFC\talleres-pfc-template\app\src\main\scala\taller\EjercicioMaxlist.scala. Using presentation compiler with project's scala-library version: 3.3.3
2024.09.14 16:11:47 INFO  no build target found for C:\Users\Nicol\OneDrive\Escritorio\clase_PFC\talleres-pfc-template\app\src\main\scala\taller\EjercicioMaxlist.scala. Using presentation compiler with project's scala-library version: 3.3.3
2024.09.14 16:11:47 INFO  no build target found for C:\Users\Nicol\OneDrive\Escritorio\clase_PFC\talleres-pfc-template\app\src\main\scala\taller\EjercicioMaxlist.scala. Using presentation compiler with project's scala-library version: 3.3.3
2024.09.14 16:11:48 WARN  no build target for: C:\Users\Nicol\OneDrive\Escritorio\clase_PFC\talleres-pfc-template\app\src\main\scala\taller\EjercicioMaxlist.scala
2024.09.14 16:11:48 INFO  no build target found for C:\Users\Nicol\OneDrive\Escritorio\clase_PFC\talleres-pfc-template\app\src\main\scala\taller\EjercicioMaxlist.scala. Using presentation compiler with project's scala-library version: 3.3.3
2024.09.14 16:11:50 INFO  no build target found for C:\Users\Nicol\OneDrive\Escritorio\clase_PFC\talleres-pfc-template\app\src\main\scala\taller\EjercicioMaxlist.scala. Using presentation compiler with project's scala-library version: 3.3.3
2024.09.14 16:11:50 INFO  no build target found for C:\Users\Nicol\OneDrive\Escritorio\clase_PFC\talleres-pfc-template\app\src\main\scala\taller\EjercicioMaxlist.scala. Using presentation compiler with project's scala-library version: 3.3.3
2024.09.14 16:11:50 INFO  no build target found for C:\Users\Nicol\OneDrive\Escritorio\clase_PFC\talleres-pfc-template\app\src\main\scala\taller\EjercicioMaxlist.scala. Using presentation compiler with project's scala-library version: 3.3.3
2024.09.14 16:11:50 INFO  no build target found for C:\Users\Nicol\OneDrive\Escritorio\clase_PFC\talleres-pfc-template\app\src\main\scala\taller\EjercicioMaxlist.scala. Using presentation compiler with project's scala-library version: 3.3.3
2024.09.14 16:11:50 INFO  no build target found for C:\Users\Nicol\OneDrive\Escritorio\clase_PFC\talleres-pfc-template\app\src\main\scala\taller\EjercicioMaxlist.scala. Using presentation compiler with project's scala-library version: 3.3.3
2024.09.14 16:11:51 WARN  no build target for: C:\Users\Nicol\OneDrive\Escritorio\clase_PFC\talleres-pfc-template\app\src\main\scala\taller\EjercicioMaxlist.scala
2024.09.14 16:11:51 INFO  no build target found for C:\Users\Nicol\OneDrive\Escritorio\clase_PFC\talleres-pfc-template\app\src\main\scala\taller\EjercicioMaxlist.scala. Using presentation compiler with project's scala-library version: 3.3.3
2024.09.14 16:13:44 INFO  no build target found for C:\Users\Nicol\OneDrive\Escritorio\clase_PFC\talleres-pfc-template\app\src\main\scala\taller\EjercicioMaxlist.scala. Using presentation compiler with project's scala-library version: 3.3.3
2024.09.14 16:14:07 INFO  no build target found for C:\Users\Nicol\OneDrive\Escritorio\clase_PFC\talleres-pfc-template\app\src\test\scala\taller\EjercicioMaxlistTest.scala. Using presentation compiler with project's scala-library version: 3.3.3
2024.09.14 16:14:07 WARN  no build target for: C:\Users\Nicol\OneDrive\Escritorio\clase_PFC\talleres-pfc-template\app\src\test\scala\taller\EjercicioMaxlistTest.scala
2024.09.14 16:14:07 INFO  no build target found for C:\Users\Nicol\OneDrive\Escritorio\clase_PFC\talleres-pfc-template\app\src\test\scala\taller\EjercicioMaxlistTest.scala. Using presentation compiler with project's scala-library version: 3.3.3
2024.09.14 16:14:07 INFO  no build target found for C:\Users\Nicol\OneDrive\Escritorio\clase_PFC\talleres-pfc-template\app\src\main\scala\taller\EjercicioMaxlist.scala. Using presentation compiler with project's scala-library version: 3.3.3
2024.09.14 16:14:09 INFO  no build target found for C:\Users\Nicol\OneDrive\Escritorio\clase_PFC\talleres-pfc-template\app\src\test\scala\taller\EjercicioMaxlistTest.scala. Using presentation compiler with project's scala-library version: 3.3.3
2024.09.14 16:14:10 INFO  no build target found for C:\Users\Nicol\OneDrive\Escritorio\clase_PFC\talleres-pfc-template\app\src\test\scala\taller\BuscarListaTest.scala. Using presentation compiler with project's scala-library version: 3.3.3
2024.09.14 16:14:10 INFO  no build target found for C:\Users\Nicol\OneDrive\Escritorio\clase_PFC\talleres-pfc-template\app\src\test\scala\taller\BuscarListaTest.scala. Using presentation compiler with project's scala-library version: 3.3.3
2024.09.14 16:14:11 INFO  no build target found for C:\Users\Nicol\OneDrive\Escritorio\clase_PFC\talleres-pfc-template\app\src\test\scala\taller\BuscarListaTest.scala. Using presentation compiler with project's scala-library version: 3.3.3
2024.09.14 16:14:11 INFO  no build target found for C:\Users\Nicol\OneDrive\Escritorio\clase_PFC\talleres-pfc-template\app\src\test\scala\taller\BuscarListaTest.scala. Using presentation compiler with project's scala-library version: 3.3.3
2024.09.14 16:14:20 INFO  no build target found for C:\Users\Nicol\OneDrive\Escritorio\clase_PFC\talleres-pfc-template\app\src\main\scala\taller\EjercicioMaxlist.scala. Using presentation compiler with project's scala-library version: 3.3.3
2024.09.14 16:14:21 INFO  no build target found for C:\Users\Nicol\OneDrive\Escritorio\clase_PFC\talleres-pfc-template\app\src\main\scala\taller\EjercicioMaxlist.scala. Using presentation compiler with project's scala-library version: 3.3.3
2024.09.14 16:14:21 INFO  no build target found for C:\Users\Nicol\OneDrive\Escritorio\clase_PFC\talleres-pfc-template\app\src\main\scala\taller\EjercicioMaxlist.scala. Using presentation compiler with project's scala-library version: 3.3.3
2024.09.14 16:14:23 INFO  no build target found for C:\Users\Nicol\OneDrive\Escritorio\clase_PFC\talleres-pfc-template\app\src\test\scala\taller\BuscarListaTest.scala. Using presentation compiler with project's scala-library version: 3.3.3
2024.09.14 16:14:25 INFO  no build target found for C:\Users\Nicol\OneDrive\Escritorio\clase_PFC\talleres-pfc-template\app\src\main\scala\taller\EjercicioMaxlist.scala. Using presentation compiler with project's scala-library version: 3.3.3
2024.09.14 16:14:25 INFO  no build target found for C:\Users\Nicol\OneDrive\Escritorio\clase_PFC\talleres-pfc-template\app\src\main\scala\taller\EjercicioMaxlist.scala. Using presentation compiler with project's scala-library version: 3.3.3
2024.09.14 16:14:25 INFO  no build target found for C:\Users\Nicol\OneDrive\Escritorio\clase_PFC\talleres-pfc-template\app\src\main\scala\taller\EjercicioMaxlist.scala. Using presentation compiler with project's scala-library version: 3.3.3
2024.09.14 16:14:28 INFO  no build target found for C:\Users\Nicol\OneDrive\Escritorio\clase_PFC\talleres-pfc-template\app\src\main\scala\taller\App.scala. Using presentation compiler with project's scala-library version: 3.3.3
2024.09.14 16:14:28 INFO  no build target found for C:\Users\Nicol\OneDrive\Escritorio\clase_PFC\talleres-pfc-template\app\src\main\scala\taller\App.scala. Using presentation compiler with project's scala-library version: 3.3.3
2024.09.14 16:14:33 INFO  no build target found for C:\Users\Nicol\OneDrive\Escritorio\clase_PFC\talleres-pfc-template\app\src\test\scala\taller\BuscarListaTest.scala. Using presentation compiler with project's scala-library version: 3.3.3
2024.09.14 16:14:35 INFO  no build target found for C:\Users\Nicol\OneDrive\Escritorio\clase_PFC\talleres-pfc-template\app\src\test\scala\taller\EjercicioMaxlistTest.scala. Using presentation compiler with project's scala-library version: 3.3.3
2024.09.14 16:14:37 INFO  no build target found for C:\Users\Nicol\OneDrive\Escritorio\clase_PFC\talleres-pfc-template\app\src\test\scala\taller\EjercicioMaxlistTest.scala. Using presentation compiler with project's scala-library version: 3.3.3
2024.09.14 16:14:37 INFO  no build target found for C:\Users\Nicol\OneDrive\Escritorio\clase_PFC\talleres-pfc-template\app\src\test\scala\taller\EjercicioMaxlistTest.scala. Using presentation compiler with project's scala-library version: 3.3.3
2024.09.14 16:14:38 INFO  no build target found for C:\Users\Nicol\OneDrive\Escritorio\clase_PFC\talleres-pfc-template\app\src\test\scala\taller\EjercicioMaxlistTest.scala. Using presentation compiler with project's scala-library version: 3.3.3
2024.09.14 16:14:38 INFO  no build target found for C:\Users\Nicol\OneDrive\Escritorio\clase_PFC\talleres-pfc-template\app\src\test\scala\taller\EjercicioMaxlistTest.scala. Using presentation compiler with project's scala-library version: 3.3.3
2024.09.14 16:14:38 INFO  no build target found for C:\Users\Nicol\OneDrive\Escritorio\clase_PFC\talleres-pfc-template\app\src\test\scala\taller\EjercicioMaxlistTest.scala. Using presentation compiler with project's scala-library version: 3.3.3
2024.09.14 16:14:39 WARN  no build target for: C:\Users\Nicol\OneDrive\Escritorio\clase_PFC\talleres-pfc-template\app\src\test\scala\taller\EjercicioMaxlistTest.scala
2024.09.14 16:14:39 INFO  no build target found for C:\Users\Nicol\OneDrive\Escritorio\clase_PFC\talleres-pfc-template\app\src\test\scala\taller\EjercicioMaxlistTest.scala. Using presentation compiler with project's scala-library version: 3.3.3
2024.09.14 16:14:39 INFO  no build target found for C:\Users\Nicol\OneDrive\Escritorio\clase_PFC\talleres-pfc-template\app\src\test\scala\taller\EjercicioMaxlistTest.scala. Using presentation compiler with project's scala-library version: 3.3.3
2024.09.14 16:14:40 INFO  no build target found for C:\Users\Nicol\OneDrive\Escritorio\clase_PFC\talleres-pfc-template\app\src\test\scala\taller\EjercicioMaxlistTest.scala. Using presentation compiler with project's scala-library version: 3.3.3
2024.09.14 16:14:40 INFO  no build target found for C:\Users\Nicol\OneDrive\Escritorio\clase_PFC\talleres-pfc-template\app\src\test\scala\taller\EjercicioMaxlistTest.scala. Using presentation compiler with project's scala-library version: 3.3.3
2024.09.14 16:14:41 WARN  no build target for: C:\Users\Nicol\OneDrive\Escritorio\clase_PFC\talleres-pfc-template\app\src\test\scala\taller\EjercicioMaxlistTest.scala
2024.09.14 16:14:41 INFO  no build target found for C:\Users\Nicol\OneDrive\Escritorio\clase_PFC\talleres-pfc-template\app\src\test\scala\taller\EjercicioMaxlistTest.scala. Using presentation compiler with project's scala-library version: 3.3.3
2024.09.14 16:14:41 INFO  no build target found for C:\Users\Nicol\OneDrive\Escritorio\clase_PFC\talleres-pfc-template\app\src\test\scala\taller\EjercicioMaxlistTest.scala. Using presentation compiler with project's scala-library version: 3.3.3
2024.09.14 16:14:42 INFO  no build target found for C:\Users\Nicol\OneDrive\Escritorio\clase_PFC\talleres-pfc-template\app\src\main\scala\taller\App.scala. Using presentation compiler with project's scala-library version: 3.3.3
2024.09.14 16:14:42 INFO  no build target found for C:\Users\Nicol\OneDrive\Escritorio\clase_PFC\talleres-pfc-template\app\src\test\scala\taller\EjercicioMaxlistTest.scala. Using presentation compiler with project's scala-library version: 3.3.3
2024.09.14 16:14:47 INFO  no build target found for C:\Users\Nicol\OneDrive\Escritorio\clase_PFC\talleres-pfc-template\app\src\test\scala\taller\EjercicioMaxlistTest.scala. Using presentation compiler with project's scala-library version: 3.3.3
2024.09.14 16:14:49 INFO  no build target found for C:\Users\Nicol\OneDrive\Escritorio\clase_PFC\talleres-pfc-template\app\src\main\scala\taller\EjercicioMaxlist.scala. Using presentation compiler with project's scala-library version: 3.3.3
2024.09.14 16:14:51 INFO  no build target found for C:\Users\Nicol\OneDrive\Escritorio\clase_PFC\talleres-pfc-template\app\src\main\scala\taller\EjercicioMaxlist.scala. Using presentation compiler with project's scala-library version: 3.3.3
2024.09.14 16:14:51 INFO  no build target found for C:\Users\Nicol\OneDrive\Escritorio\clase_PFC\talleres-pfc-template\app\src\main\scala\taller\EjercicioMaxlist.scala. Using presentation compiler with project's scala-library version: 3.3.3
2024.09.14 16:14:51 INFO  no build target found for C:\Users\Nicol\OneDrive\Escritorio\clase_PFC\talleres-pfc-template\app\src\main\scala\taller\EjercicioMaxlist.scala. Using presentation compiler with project's scala-library version: 3.3.3
2024.09.14 16:14:53 INFO  no build target found for C:\Users\Nicol\OneDrive\Escritorio\clase_PFC\talleres-pfc-template\app\src\main\scala\taller\EjercicioMaxlist.scala. Using presentation compiler with project's scala-library version: 3.3.3
2024.09.14 16:14:53 INFO  no build target found for C:\Users\Nicol\OneDrive\Escritorio\clase_PFC\talleres-pfc-template\app\src\main\scala\taller\EjercicioMaxlist.scala. Using presentation compiler with project's scala-library version: 3.3.3
2024.09.14 16:14:53 INFO  no build target found for C:\Users\Nicol\OneDrive\Escritorio\clase_PFC\talleres-pfc-template\app\src\main\scala\taller\EjercicioMaxlist.scala. Using presentation compiler with project's scala-library version: 3.3.3
2024.09.14 16:14:53 INFO  no build target found for C:\Users\Nicol\OneDrive\Escritorio\clase_PFC\talleres-pfc-template\app\src\main\scala\taller\EjercicioMaxlist.scala. Using presentation compiler with project's scala-library version: 3.3.3
2024.09.14 16:14:53 INFO  no build target found for C:\Users\Nicol\OneDrive\Escritorio\clase_PFC\talleres-pfc-template\app\src\main\scala\taller\EjercicioMaxlist.scala. Using presentation compiler with project's scala-library version: 3.3.3
2024.09.14 16:14:54 INFO  no build target found for C:\Users\Nicol\OneDrive\Escritorio\clase_PFC\talleres-pfc-template\app\src\main\scala\taller\EjercicioMaxlist.scala. Using presentation compiler with project's scala-library version: 3.3.3
2024.09.14 16:14:54 INFO  no build target found for C:\Users\Nicol\OneDrive\Escritorio\clase_PFC\talleres-pfc-template\app\src\main\scala\taller\EjercicioMaxlist.scala. Using presentation compiler with project's scala-library version: 3.3.3
2024.09.14 16:14:54 INFO  no build target found for C:\Users\Nicol\OneDrive\Escritorio\clase_PFC\talleres-pfc-template\app\src\main\scala\taller\EjercicioMaxlist.scala. Using presentation compiler with project's scala-library version: 3.3.3
2024.09.14 16:14:54 INFO  no build target found for C:\Users\Nicol\OneDrive\Escritorio\clase_PFC\talleres-pfc-template\app\src\main\scala\taller\EjercicioMaxlist.scala. Using presentation compiler with project's scala-library version: 3.3.3
2024.09.14 16:14:54 INFO  no build target found for C:\Users\Nicol\OneDrive\Escritorio\clase_PFC\talleres-pfc-template\app\src\main\scala\taller\EjercicioMaxlist.scala. Using presentation compiler with project's scala-library version: 3.3.3
2024.09.14 16:14:55 WARN  no build target for: C:\Users\Nicol\OneDrive\Escritorio\clase_PFC\talleres-pfc-template\app\src\main\scala\taller\EjercicioMaxlist.scala
2024.09.14 16:14:54 INFO  no build target found for C:\Users\Nicol\OneDrive\Escritorio\clase_PFC\talleres-pfc-template\app\src\main\scala\taller\EjercicioMaxlist.scala. Using presentation compiler with project's scala-library version: 3.3.3
2024.09.14 16:14:55 INFO  no build target found for C:\Users\Nicol\OneDrive\Escritorio\clase_PFC\talleres-pfc-template\app\src\main\scala\taller\EjercicioMaxlist.scala. Using presentation compiler with project's scala-library version: 3.3.3
2024.09.14 16:14:55 INFO  no build target found for C:\Users\Nicol\OneDrive\Escritorio\clase_PFC\talleres-pfc-template\app\src\main\scala\taller\EjercicioMaxlist.scala. Using presentation compiler with project's scala-library version: 3.3.3
2024.09.14 16:14:55 INFO  no build target found for C:\Users\Nicol\OneDrive\Escritorio\clase_PFC\talleres-pfc-template\app\src\main\scala\taller\EjercicioMaxlist.scala. Using presentation compiler with project's scala-library version: 3.3.3
2024.09.14 16:14:55 INFO  no build target found for C:\Users\Nicol\OneDrive\Escritorio\clase_PFC\talleres-pfc-template\app\src\main\scala\taller\EjercicioMaxlist.scala. Using presentation compiler with project's scala-library version: 3.3.3
2024.09.14 16:14:55 INFO  no build target found for C:\Users\Nicol\OneDrive\Escritorio\clase_PFC\talleres-pfc-template\app\src\main\scala\taller\EjercicioMaxlist.scala. Using presentation compiler with project's scala-library version: 3.3.3
2024.09.14 16:14:56 INFO  no build target found for C:\Users\Nicol\OneDrive\Escritorio\clase_PFC\talleres-pfc-template\app\src\main\scala\taller\EjercicioMaxlist.scala. Using presentation compiler with project's scala-library version: 3.3.3
2024.09.14 16:14:55 INFO  no build target found for C:\Users\Nicol\OneDrive\Escritorio\clase_PFC\talleres-pfc-template\app\src\main\scala\taller\EjercicioMaxlist.scala. Using presentation compiler with project's scala-library version: 3.3.3
2024.09.14 16:14:55 INFO  no build target found for C:\Users\Nicol\OneDrive\Escritorio\clase_PFC\talleres-pfc-template\app\src\main\scala\taller\EjercicioMaxlist.scala. Using presentation compiler with project's scala-library version: 3.3.3
2024.09.14 16:14:56 INFO  no build target found for C:\Users\Nicol\OneDrive\Escritorio\clase_PFC\talleres-pfc-template\app\src\main\scala\taller\EjercicioMaxlist.scala. Using presentation compiler with project's scala-library version: 3.3.3
2024.09.14 16:14:57 WARN  no build target for: C:\Users\Nicol\OneDrive\Escritorio\clase_PFC\talleres-pfc-template\app\src\main\scala\taller\EjercicioMaxlist.scala
2024.09.14 16:14:57 INFO  no build target found for C:\Users\Nicol\OneDrive\Escritorio\clase_PFC\talleres-pfc-template\app\src\main\scala\taller\EjercicioMaxlist.scala. Using presentation compiler with project's scala-library version: 3.3.3
2024.09.14 16:14:57 INFO  no build target found for C:\Users\Nicol\OneDrive\Escritorio\clase_PFC\talleres-pfc-template\app\src\main\scala\taller\EjercicioMaxlist.scala. Using presentation compiler with project's scala-library version: 3.3.3
2024.09.14 16:14:57 INFO  no build target found for C:\Users\Nicol\OneDrive\Escritorio\clase_PFC\talleres-pfc-template\app\src\main\scala\taller\EjercicioMaxlist.scala. Using presentation compiler with project's scala-library version: 3.3.3
2024.09.14 16:14:57 INFO  no build target found for C:\Users\Nicol\OneDrive\Escritorio\clase_PFC\talleres-pfc-template\app\src\main\scala\taller\EjercicioMaxlist.scala. Using presentation compiler with project's scala-library version: 3.3.3
2024.09.14 16:14:59 INFO  no build target found for C:\Users\Nicol\OneDrive\Escritorio\clase_PFC\talleres-pfc-template\app\src\main\scala\taller\EjercicioMaxlist.scala. Using presentation compiler with project's scala-library version: 3.3.3
2024.09.14 16:14:59 INFO  no build target found for C:\Users\Nicol\OneDrive\Escritorio\clase_PFC\talleres-pfc-template\app\src\main\scala\taller\EjercicioMaxlist.scala. Using presentation compiler with project's scala-library version: 3.3.3
2024.09.14 16:14:59 INFO  no build target found for C:\Users\Nicol\OneDrive\Escritorio\clase_PFC\talleres-pfc-template\app\src\main\scala\taller\EjercicioMaxlist.scala. Using presentation compiler with project's scala-library version: 3.3.3
2024.09.14 16:14:59 INFO  no build target found for C:\Users\Nicol\OneDrive\Escritorio\clase_PFC\talleres-pfc-template\app\src\main\scala\taller\EjercicioMaxlist.scala. Using presentation compiler with project's scala-library version: 3.3.3
2024.09.14 16:14:59 INFO  no build target found for C:\Users\Nicol\OneDrive\Escritorio\clase_PFC\talleres-pfc-template\app\src\main\scala\taller\EjercicioMaxlist.scala. Using presentation compiler with project's scala-library version: 3.3.3
2024.09.14 16:14:59 INFO  no build target found for C:\Users\Nicol\OneDrive\Escritorio\clase_PFC\talleres-pfc-template\app\src\main\scala\taller\EjercicioMaxlist.scala. Using presentation compiler with project's scala-library version: 3.3.3
2024.09.14 16:14:59 INFO  no build target found for C:\Users\Nicol\OneDrive\Escritorio\clase_PFC\talleres-pfc-template\app\src\main\scala\taller\EjercicioMaxlist.scala. Using presentation compiler with project's scala-library version: 3.3.3
2024.09.14 16:14:59 INFO  no build target found for C:\Users\Nicol\OneDrive\Escritorio\clase_PFC\talleres-pfc-template\app\src\main\scala\taller\EjercicioMaxlist.scala. Using presentation compiler with project's scala-library version: 3.3.3
2024.09.14 16:14:59 INFO  no build target found for C:\Users\Nicol\OneDrive\Escritorio\clase_PFC\talleres-pfc-template\app\src\main\scala\taller\EjercicioMaxlist.scala. Using presentation compiler with project's scala-library version: 3.3.3
2024.09.14 16:15:00 INFO  no build target found for C:\Users\Nicol\OneDrive\Escritorio\clase_PFC\talleres-pfc-template\app\src\main\scala\taller\EjercicioMaxlist.scala. Using presentation compiler with project's scala-library version: 3.3.3
2024.09.14 16:15:00 INFO  no build target found for C:\Users\Nicol\OneDrive\Escritorio\clase_PFC\talleres-pfc-template\app\src\main\scala\taller\EjercicioMaxlist.scala. Using presentation compiler with project's scala-library version: 3.3.3
2024.09.14 16:15:00 INFO  no build target found for C:\Users\Nicol\OneDrive\Escritorio\clase_PFC\talleres-pfc-template\app\src\main\scala\taller\EjercicioMaxlist.scala. Using presentation compiler with project's scala-library version: 3.3.3
2024.09.14 16:15:00 INFO  no build target found for C:\Users\Nicol\OneDrive\Escritorio\clase_PFC\talleres-pfc-template\app\src\main\scala\taller\EjercicioMaxlist.scala. Using presentation compiler with project's scala-library version: 3.3.3
2024.09.14 16:15:00 INFO  no build target found for C:\Users\Nicol\OneDrive\Escritorio\clase_PFC\talleres-pfc-template\app\src\main\scala\taller\EjercicioMaxlist.scala. Using presentation compiler with project's scala-library version: 3.3.3
2024.09.14 16:15:00 INFO  no build target found for C:\Users\Nicol\OneDrive\Escritorio\clase_PFC\talleres-pfc-template\app\src\main\scala\taller\EjercicioMaxlist.scala. Using presentation compiler with project's scala-library version: 3.3.3
2024.09.14 16:15:00 INFO  no build target found for C:\Users\Nicol\OneDrive\Escritorio\clase_PFC\talleres-pfc-template\app\src\main\scala\taller\EjercicioMaxlist.scala. Using presentation compiler with project's scala-library version: 3.3.3
2024.09.14 16:15:01 INFO  no build target found for C:\Users\Nicol\OneDrive\Escritorio\clase_PFC\talleres-pfc-template\app\src\main\scala\taller\EjercicioMaxlist.scala. Using presentation compiler with project's scala-library version: 3.3.3
2024.09.14 16:15:01 INFO  no build target found for C:\Users\Nicol\OneDrive\Escritorio\clase_PFC\talleres-pfc-template\app\src\main\scala\taller\EjercicioMaxlist.scala. Using presentation compiler with project's scala-library version: 3.3.3
2024.09.14 16:15:01 WARN  no build target for: C:\Users\Nicol\OneDrive\Escritorio\clase_PFC\talleres-pfc-template\app\src\main\scala\taller\EjercicioMaxlist.scala
2024.09.14 16:15:01 INFO  no build target found for C:\Users\Nicol\OneDrive\Escritorio\clase_PFC\talleres-pfc-template\app\src\main\scala\taller\EjercicioMaxlist.scala. Using presentation compiler with project's scala-library version: 3.3.3
2024.09.14 16:15:03 INFO  no build target found for C:\Users\Nicol\OneDrive\Escritorio\clase_PFC\talleres-pfc-template\app\src\main\scala\taller\EjercicioMaxlist.scala. Using presentation compiler with project's scala-library version: 3.3.3
2024.09.14 16:15:04 INFO  no build target found for C:\Users\Nicol\OneDrive\Escritorio\clase_PFC\talleres-pfc-template\app\src\test\scala\taller\EjercicioMaxlistTest.scala. Using presentation compiler with project's scala-library version: 3.3.3
2024.09.14 16:15:06 INFO  no build target found for C:\Users\Nicol\OneDrive\Escritorio\clase_PFC\talleres-pfc-template\app\src\test\scala\taller\EjercicioMaxlistTest.scala. Using presentation compiler with project's scala-library version: 3.3.3
2024.09.14 16:15:09 INFO  no build target found for C:\Users\Nicol\OneDrive\Escritorio\clase_PFC\talleres-pfc-template\app\src\test\scala\taller\BuscarListaTest.scala. Using presentation compiler with project's scala-library version: 3.3.3
2024.09.14 16:15:13 INFO  no build target found for C:\Users\Nicol\OneDrive\Escritorio\clase_PFC\talleres-pfc-template\app\src\test\scala\taller\BuscarListaTest.scala. Using presentation compiler with project's scala-library version: 3.3.3
2024.09.14 16:15:13 INFO  no build target found for C:\Users\Nicol\OneDrive\Escritorio\clase_PFC\talleres-pfc-template\app\src\test\scala\taller\EjercicioMaxlistTest.scala. Using presentation compiler with project's scala-library version: 3.3.3
2024.09.14 16:15:13 INFO  no build target found for C:\Users\Nicol\OneDrive\Escritorio\clase_PFC\talleres-pfc-template\app\src\test\scala\taller\BuscarListaTest.scala. Using presentation compiler with project's scala-library version: 3.3.3
2024.09.14 16:15:16 INFO  no build target found for C:\Users\Nicol\OneDrive\Escritorio\clase_PFC\talleres-pfc-template\app\src\test\scala\taller\EjercicioMaxlistTest.scala. Using presentation compiler with project's scala-library version: 3.3.3
2024.09.14 16:15:19 INFO  no build target found for C:\Users\Nicol\OneDrive\Escritorio\clase_PFC\talleres-pfc-template\app\src\test\scala\taller\EjercicioMaxlistTest.scala. Using presentation compiler with project's scala-library version: 3.3.3
2024.09.14 16:15:19 INFO  no build target found for C:\Users\Nicol\OneDrive\Escritorio\clase_PFC\talleres-pfc-template\app\src\test\scala\taller\EjercicioMaxlistTest.scala. Using presentation compiler with project's scala-library version: 3.3.3
2024.09.14 16:15:19 INFO  no build target found for C:\Users\Nicol\OneDrive\Escritorio\clase_PFC\talleres-pfc-template\app\src\test\scala\taller\EjercicioMaxlistTest.scala. Using presentation compiler with project's scala-library version: 3.3.3
2024.09.14 16:15:19 INFO  no build target found for C:\Users\Nicol\OneDrive\Escritorio\clase_PFC\talleres-pfc-template\app\src\test\scala\taller\EjercicioMaxlistTest.scala. Using presentation compiler with project's scala-library version: 3.3.3
2024.09.14 16:15:20 INFO  no build target found for C:\Users\Nicol\OneDrive\Escritorio\clase_PFC\talleres-pfc-template\app\src\test\scala\taller\EjercicioMaxlistTest.scala. Using presentation compiler with project's scala-library version: 3.3.3
2024.09.14 16:15:20 INFO  no build target found for C:\Users\Nicol\OneDrive\Escritorio\clase_PFC\talleres-pfc-template\app\src\test\scala\taller\EjercicioMaxlistTest.scala. Using presentation compiler with project's scala-library version: 3.3.3
2024.09.14 16:15:21 WARN  no build target for: C:\Users\Nicol\OneDrive\Escritorio\clase_PFC\talleres-pfc-template\app\src\test\scala\taller\EjercicioMaxlistTest.scala
2024.09.14 16:15:21 INFO  no build target found for C:\Users\Nicol\OneDrive\Escritorio\clase_PFC\talleres-pfc-template\app\src\test\scala\taller\EjercicioMaxlistTest.scala. Using presentation compiler with project's scala-library version: 3.3.3
2024.09.14 16:15:21 INFO  no build target found for C:\Users\Nicol\OneDrive\Escritorio\clase_PFC\talleres-pfc-template\app\src\test\scala\taller\EjercicioMaxlistTest.scala. Using presentation compiler with project's scala-library version: 3.3.3
2024.09.14 16:15:21 INFO  no build target found for C:\Users\Nicol\OneDrive\Escritorio\clase_PFC\talleres-pfc-template\app\src\test\scala\taller\EjercicioMaxlistTest.scala. Using presentation compiler with project's scala-library version: 3.3.3
2024.09.14 16:15:21 INFO  no build target found for C:\Users\Nicol\OneDrive\Escritorio\clase_PFC\talleres-pfc-template\app\src\test\scala\taller\BuscarListaTest.scala. Using presentation compiler with project's scala-library version: 3.3.3
2024.09.14 16:15:22 WARN  no build target for: C:\Users\Nicol\OneDrive\Escritorio\clase_PFC\talleres-pfc-template\app\src\test\scala\taller\EjercicioMaxlistTest.scala
2024.09.14 16:15:22 INFO  no build target found for C:\Users\Nicol\OneDrive\Escritorio\clase_PFC\talleres-pfc-template\app\src\test\scala\taller\EjercicioMaxlistTest.scala. Using presentation compiler with project's scala-library version: 3.3.3
2024.09.14 16:15:22 INFO  no build target found for C:\Users\Nicol\OneDrive\Escritorio\clase_PFC\talleres-pfc-template\app\src\test\scala\taller\EjercicioMaxlistTest.scala. Using presentation compiler with project's scala-library version: 3.3.3
2024.09.14 16:15:22 INFO  no build target found for C:\Users\Nicol\OneDrive\Escritorio\clase_PFC\talleres-pfc-template\app\src\test\scala\taller\BuscarListaTest.scala. Using presentation compiler with project's scala-library version: 3.3.3
2024.09.14 16:33:50 INFO  no build target found for C:\Users\Nicol\OneDrive\Escritorio\clase_PFC\talleres-pfc-template\app\src\test\scala\taller\EjercicioMaxlistTest.scala. Using presentation compiler with project's scala-library version: 3.3.3
2024.09.14 16:33:51 INFO  no build target found for C:\Users\Nicol\OneDrive\Escritorio\clase_PFC\talleres-pfc-template\app\src\test\scala\taller\EjercicioMaxlistTest.scala. Using presentation compiler with project's scala-library version: 3.3.3
2024.09.14 16:34:00 INFO  no build target found for C:\Users\Nicol\OneDrive\Escritorio\clase_PFC\talleres-pfc-template\app\src\test\scala\taller\EjercicioMaxlistTest.scala. Using presentation compiler with project's scala-library version: 3.3.3
2024.09.14 16:34:03 INFO  no build target found for C:\Users\Nicol\OneDrive\Escritorio\clase_PFC\talleres-pfc-template\app\src\test\scala\taller\EjercicioMaxlistTest.scala. Using presentation compiler with project's scala-library version: 3.3.3
2024.09.14 16:34:03 INFO  no build target found for C:\Users\Nicol\OneDrive\Escritorio\clase_PFC\talleres-pfc-template\app\src\test\scala\taller\EjercicioMaxlistTest.scala. Using presentation compiler with project's scala-library version: 3.3.3
2024.09.14 16:34:03 INFO  no build target found for C:\Users\Nicol\OneDrive\Escritorio\clase_PFC\talleres-pfc-template\app\src\test\scala\taller\EjercicioMaxlistTest.scala. Using presentation compiler with project's scala-library version: 3.3.3
2024.09.14 16:34:03 INFO  no build target found for C:\Users\Nicol\OneDrive\Escritorio\clase_PFC\talleres-pfc-template\app\src\test\scala\taller\EjercicioMaxlistTest.scala. Using presentation compiler with project's scala-library version: 3.3.3
2024.09.14 16:34:04 INFO  no build target found for C:\Users\Nicol\OneDrive\Escritorio\clase_PFC\talleres-pfc-template\app\src\test\scala\taller\EjercicioMaxlistTest.scala. Using presentation compiler with project's scala-library version: 3.3.3
2024.09.14 16:34:05 WARN  no build target for: C:\Users\Nicol\OneDrive\Escritorio\clase_PFC\talleres-pfc-template\app\src\test\scala\taller\EjercicioMaxlistTest.scala
2024.09.14 16:34:05 INFO  no build target found for C:\Users\Nicol\OneDrive\Escritorio\clase_PFC\talleres-pfc-template\app\src\test\scala\taller\EjercicioMaxlistTest.scala. Using presentation compiler with project's scala-library version: 3.3.3
2024.09.14 16:34:05 INFO  no build target found for C:\Users\Nicol\OneDrive\Escritorio\clase_PFC\talleres-pfc-template\app\src\test\scala\taller\BuscarListaTest.scala. Using presentation compiler with project's scala-library version: 3.3.3
2024.09.14 16:34:04 INFO  no build target found for C:\Users\Nicol\OneDrive\Escritorio\clase_PFC\talleres-pfc-template\app\src\test\scala\taller\EjercicioMaxlistTest.scala. Using presentation compiler with project's scala-library version: 3.3.3
2024.09.14 16:34:05 INFO  no build target found for C:\Users\Nicol\OneDrive\Escritorio\clase_PFC\talleres-pfc-template\app\src\test\scala\taller\EjercicioMaxlistTest.scala. Using presentation compiler with project's scala-library version: 3.3.3
2024.09.14 16:34:06 INFO  no build target found for C:\Users\Nicol\OneDrive\Escritorio\clase_PFC\talleres-pfc-template\app\src\test\scala\taller\EjercicioMaxlistTest.scala. Using presentation compiler with project's scala-library version: 3.3.3
2024.09.14 16:34:06 INFO  no build target found for C:\Users\Nicol\OneDrive\Escritorio\clase_PFC\talleres-pfc-template\app\src\test\scala\taller\EjercicioMaxlistTest.scala. Using presentation compiler with project's scala-library version: 3.3.3
2024.09.14 16:34:06 INFO  no build target found for C:\Users\Nicol\OneDrive\Escritorio\clase_PFC\talleres-pfc-template\app\src\test\scala\taller\EjercicioMaxlistTest.scala. Using presentation compiler with project's scala-library version: 3.3.3
2024.09.14 16:34:07 INFO  no build target found for C:\Users\Nicol\OneDrive\Escritorio\clase_PFC\talleres-pfc-template\app\src\test\scala\taller\EjercicioMaxlistTest.scala. Using presentation compiler with project's scala-library version: 3.3.3
2024.09.14 16:34:08 WARN  no build target for: C:\Users\Nicol\OneDrive\Escritorio\clase_PFC\talleres-pfc-template\app\src\test\scala\taller\EjercicioMaxlistTest.scala
2024.09.14 16:34:08 INFO  no build target found for C:\Users\Nicol\OneDrive\Escritorio\clase_PFC\talleres-pfc-template\app\src\test\scala\taller\EjercicioMaxlistTest.scala. Using presentation compiler with project's scala-library version: 3.3.3
2024.09.14 16:34:08 INFO  no build target found for C:\Users\Nicol\OneDrive\Escritorio\clase_PFC\talleres-pfc-template\app\src\test\scala\taller\EjercicioMaxlistTest.scala. Using presentation compiler with project's scala-library version: 3.3.3
2024.09.14 16:34:08 INFO  no build target found for C:\Users\Nicol\OneDrive\Escritorio\clase_PFC\talleres-pfc-template\app\src\test\scala\taller\BuscarListaTest.scala. Using presentation compiler with project's scala-library version: 3.3.3
2024.09.14 16:34:16 INFO  no build target found for C:\Users\Nicol\OneDrive\Escritorio\clase_PFC\talleres-pfc-template\app\src\test\scala\taller\EjercicioMaxlistTest.scala. Using presentation compiler with project's scala-library version: 3.3.3
2024.09.14 16:34:16 INFO  no build target found for C:\Users\Nicol\OneDrive\Escritorio\clase_PFC\talleres-pfc-template\app\src\test\scala\taller\EjercicioMaxlistTest.scala. Using presentation compiler with project's scala-library version: 3.3.3
2024.09.14 16:34:17 WARN  no build target for: C:\Users\Nicol\OneDrive\Escritorio\clase_PFC\talleres-pfc-template\app\src\test\scala\taller\EjercicioMaxlistTest.scala
2024.09.14 16:34:17 INFO  no build target found for C:\Users\Nicol\OneDrive\Escritorio\clase_PFC\talleres-pfc-template\app\src\test\scala\taller\EjercicioMaxlistTest.scala. Using presentation compiler with project's scala-library version: 3.3.3
2024.09.14 16:34:16 INFO  no build target found for C:\Users\Nicol\OneDrive\Escritorio\clase_PFC\talleres-pfc-template\app\src\test\scala\taller\EjercicioMaxlistTest.scala. Using presentation compiler with project's scala-library version: 3.3.3
2024.09.14 16:34:17 INFO  no build target found for C:\Users\Nicol\OneDrive\Escritorio\clase_PFC\talleres-pfc-template\app\src\test\scala\taller\BuscarListaTest.scala. Using presentation compiler with project's scala-library version: 3.3.3
2024.09.14 16:34:28 INFO  no build target found for C:\Users\Nicol\OneDrive\Escritorio\clase_PFC\talleres-pfc-template\app\src\test\scala\taller\BuscarListaTest.scala. Using presentation compiler with project's scala-library version: 3.3.3
2024.09.14 16:34:43 INFO  no build target found for C:\Users\Nicol\OneDrive\Escritorio\clase_PFC\talleres-pfc-template\app\src\test\scala\taller\BuscarListaTest.scala. Using presentation compiler with project's scala-library version: 3.3.3
2024.09.14 16:34:43 INFO  no build target found for C:\Users\Nicol\OneDrive\Escritorio\clase_PFC\talleres-pfc-template\app\src\test\scala\taller\BuscarListaTest.scala. Using presentation compiler with project's scala-library version: 3.3.3
2024.09.14 16:34:45 INFO  no build target found for C:\Users\Nicol\OneDrive\Escritorio\clase_PFC\talleres-pfc-template\app\src\test\scala\taller\BuscarListaTest.scala. Using presentation compiler with project's scala-library version: 3.3.3
2024.09.14 16:34:46 INFO  no build target found for C:\Users\Nicol\OneDrive\Escritorio\clase_PFC\talleres-pfc-template\app\src\test\scala\taller\EjercicioMaxlistTest.scala. Using presentation compiler with project's scala-library version: 3.3.3
2024.09.14 16:34:46 INFO  no build target found for C:\Users\Nicol\OneDrive\Escritorio\clase_PFC\talleres-pfc-template\app\src\test\scala\taller\EjercicioMaxlistTest.scala. Using presentation compiler with project's scala-library version: 3.3.3
2024.09.14 16:34:48 INFO  no build target found for C:\Users\Nicol\OneDrive\Escritorio\clase_PFC\talleres-pfc-template\app\src\test\scala\taller\EjercicioMaxlistTest.scala. Using presentation compiler with project's scala-library version: 3.3.3
2024.09.14 16:34:49 INFO  no build target found for C:\Users\Nicol\OneDrive\Escritorio\clase_PFC\talleres-pfc-template\app\src\test\scala\taller\EjercicioMaxlistTest.scala. Using presentation compiler with project's scala-library version: 3.3.3
2024.09.14 16:34:48 INFO  no build target found for C:\Users\Nicol\OneDrive\Escritorio\clase_PFC\talleres-pfc-template\app\src\test\scala\taller\EjercicioMaxlistTest.scala. Using presentation compiler with project's scala-library version: 3.3.3
2024.09.14 16:34:49 WARN  no build target for: C:\Users\Nicol\OneDrive\Escritorio\clase_PFC\talleres-pfc-template\app\src\test\scala\taller\EjercicioMaxlistTest.scala
2024.09.14 16:34:49 INFO  no build target found for C:\Users\Nicol\OneDrive\Escritorio\clase_PFC\talleres-pfc-template\app\src\test\scala\taller\EjercicioMaxlistTest.scala. Using presentation compiler with project's scala-library version: 3.3.3
2024.09.14 16:34:49 INFO  no build target found for C:\Users\Nicol\OneDrive\Escritorio\clase_PFC\talleres-pfc-template\app\src\test\scala\taller\EjercicioMaxlistTest.scala. Using presentation compiler with project's scala-library version: 3.3.3
2024.09.14 16:34:49 INFO  no build target found for C:\Users\Nicol\OneDrive\Escritorio\clase_PFC\talleres-pfc-template\app\src\test\scala\taller\BuscarListaTest.scala. Using presentation compiler with project's scala-library version: 3.3.3
2024.09.14 16:34:50 INFO  no build target found for C:\Users\Nicol\OneDrive\Escritorio\clase_PFC\talleres-pfc-template\app\src\test\scala\taller\EjercicioMaxlistTest.scala. Using presentation compiler with project's scala-library version: 3.3.3
2024.09.14 16:35:00 INFO  no build target found for C:\Users\Nicol\OneDrive\Escritorio\clase_PFC\talleres-pfc-template\app\src\test\scala\taller\EjercicioMaxlistTest.scala. Using presentation compiler with project's scala-library version: 3.3.3
2024.09.14 16:35:02 INFO  no build target found for C:\Users\Nicol\OneDrive\Escritorio\clase_PFC\talleres-pfc-template\app\src\test\scala\taller\EjercicioMaxlistTest.scala. Using presentation compiler with project's scala-library version: 3.3.3
2024.09.14 16:35:08 INFO  no build target found for C:\Users\Nicol\OneDrive\Escritorio\clase_PFC\talleres-pfc-template\app\src\test\scala\taller\EjercicioMaxlistTest.scala. Using presentation compiler with project's scala-library version: 3.3.3
2024.09.14 16:35:08 INFO  no build target found for C:\Users\Nicol\OneDrive\Escritorio\clase_PFC\talleres-pfc-template\app\src\test\scala\taller\EjercicioMaxlistTest.scala. Using presentation compiler with project's scala-library version: 3.3.3
2024.09.14 16:35:08 INFO  no build target found for C:\Users\Nicol\OneDrive\Escritorio\clase_PFC\talleres-pfc-template\app\src\test\scala\taller\EjercicioMaxlistTest.scala. Using presentation compiler with project's scala-library version: 3.3.3
2024.09.14 16:35:08 INFO  no build target found for C:\Users\Nicol\OneDrive\Escritorio\clase_PFC\talleres-pfc-template\app\src\test\scala\taller\EjercicioMaxlistTest.scala. Using presentation compiler with project's scala-library version: 3.3.3
2024.09.14 16:35:09 WARN  no build target for: C:\Users\Nicol\OneDrive\Escritorio\clase_PFC\talleres-pfc-template\app\src\test\scala\taller\EjercicioMaxlistTest.scala
2024.09.14 16:35:09 INFO  no build target found for C:\Users\Nicol\OneDrive\Escritorio\clase_PFC\talleres-pfc-template\app\src\test\scala\taller\EjercicioMaxlistTest.scala. Using presentation compiler with project's scala-library version: 3.3.3
2024.09.14 16:35:09 INFO  no build target found for C:\Users\Nicol\OneDrive\Escritorio\clase_PFC\talleres-pfc-template\app\src\test\scala\taller\EjercicioMaxlistTest.scala. Using presentation compiler with project's scala-library version: 3.3.3
2024.09.14 16:35:09 INFO  no build target found for C:\Users\Nicol\OneDrive\Escritorio\clase_PFC\talleres-pfc-template\app\src\test\scala\taller\EjercicioMaxlistTest.scala. Using presentation compiler with project's scala-library version: 3.3.3
2024.09.14 16:35:09 INFO  no build target found for C:\Users\Nicol\OneDrive\Escritorio\clase_PFC\talleres-pfc-template\app\src\test\scala\taller\BuscarListaTest.scala. Using presentation compiler with project's scala-library version: 3.3.3
2024.09.14 16:35:09 INFO  no build target found for C:\Users\Nicol\OneDrive\Escritorio\clase_PFC\talleres-pfc-template\app\src\test\scala\taller\EjercicioMaxlistTest.scala. Using presentation compiler with project's scala-library version: 3.3.3
2024.09.14 16:35:09 INFO  no build target found for C:\Users\Nicol\OneDrive\Escritorio\clase_PFC\talleres-pfc-template\app\src\test\scala\taller\EjercicioMaxlistTest.scala. Using presentation compiler with project's scala-library version: 3.3.3
2024.09.14 16:35:09 INFO  no build target found for C:\Users\Nicol\OneDrive\Escritorio\clase_PFC\talleres-pfc-template\app\src\test\scala\taller\EjercicioMaxlistTest.scala. Using presentation compiler with project's scala-library version: 3.3.3
2024.09.14 16:35:10 INFO  no build target found for C:\Users\Nicol\OneDrive\Escritorio\clase_PFC\talleres-pfc-template\app\src\test\scala\taller\EjercicioMaxlistTest.scala. Using presentation compiler with project's scala-library version: 3.3.3
2024.09.14 16:35:10 INFO  no build target found for C:\Users\Nicol\OneDrive\Escritorio\clase_PFC\talleres-pfc-template\app\src\test\scala\taller\EjercicioMaxlistTest.scala. Using presentation compiler with project's scala-library version: 3.3.3
2024.09.14 16:35:10 INFO  no build target found for C:\Users\Nicol\OneDrive\Escritorio\clase_PFC\talleres-pfc-template\app\src\test\scala\taller\EjercicioMaxlistTest.scala. Using presentation compiler with project's scala-library version: 3.3.3
2024.09.14 16:35:10 INFO  no build target found for C:\Users\Nicol\OneDrive\Escritorio\clase_PFC\talleres-pfc-template\app\src\test\scala\taller\EjercicioMaxlistTest.scala. Using presentation compiler with project's scala-library version: 3.3.3
2024.09.14 16:35:10 INFO  no build target found for C:\Users\Nicol\OneDrive\Escritorio\clase_PFC\talleres-pfc-template\app\src\test\scala\taller\EjercicioMaxlistTest.scala. Using presentation compiler with project's scala-library version: 3.3.3
2024.09.14 16:35:10 INFO  no build target found for C:\Users\Nicol\OneDrive\Escritorio\clase_PFC\talleres-pfc-template\app\src\test\scala\taller\EjercicioMaxlistTest.scala. Using presentation compiler with project's scala-library version: 3.3.3
2024.09.14 16:35:10 INFO  no build target found for C:\Users\Nicol\OneDrive\Escritorio\clase_PFC\talleres-pfc-template\app\src\test\scala\taller\EjercicioMaxlistTest.scala. Using presentation compiler with project's scala-library version: 3.3.3
2024.09.14 16:35:10 INFO  no build target found for C:\Users\Nicol\OneDrive\Escritorio\clase_PFC\talleres-pfc-template\app\src\test\scala\taller\EjercicioMaxlistTest.scala. Using presentation compiler with project's scala-library version: 3.3.3
2024.09.14 16:35:10 INFO  no build target found for C:\Users\Nicol\OneDrive\Escritorio\clase_PFC\talleres-pfc-template\app\src\test\scala\taller\EjercicioMaxlistTest.scala. Using presentation compiler with project's scala-library version: 3.3.3
2024.09.14 16:35:11 INFO  no build target found for C:\Users\Nicol\OneDrive\Escritorio\clase_PFC\talleres-pfc-template\app\src\test\scala\taller\EjercicioMaxlistTest.scala. Using presentation compiler with project's scala-library version: 3.3.3
2024.09.14 16:35:10 INFO  no build target found for C:\Users\Nicol\OneDrive\Escritorio\clase_PFC\talleres-pfc-template\app\src\test\scala\taller\EjercicioMaxlistTest.scala. Using presentation compiler with project's scala-library version: 3.3.3
2024.09.14 16:35:10 INFO  no build target found for C:\Users\Nicol\OneDrive\Escritorio\clase_PFC\talleres-pfc-template\app\src\test\scala\taller\EjercicioMaxlistTest.scala. Using presentation compiler with project's scala-library version: 3.3.3
2024.09.14 16:35:11 INFO  no build target found for C:\Users\Nicol\OneDrive\Escritorio\clase_PFC\talleres-pfc-template\app\src\test\scala\taller\EjercicioMaxlistTest.scala. Using presentation compiler with project's scala-library version: 3.3.3
2024.09.14 16:35:11 INFO  no build target found for C:\Users\Nicol\OneDrive\Escritorio\clase_PFC\talleres-pfc-template\app\src\test\scala\taller\EjercicioMaxlistTest.scala. Using presentation compiler with project's scala-library version: 3.3.3
2024.09.14 16:35:12 WARN  no build target for: C:\Users\Nicol\OneDrive\Escritorio\clase_PFC\talleres-pfc-template\app\src\test\scala\taller\EjercicioMaxlistTest.scala
2024.09.14 16:35:12 INFO  no build target found for C:\Users\Nicol\OneDrive\Escritorio\clase_PFC\talleres-pfc-template\app\src\test\scala\taller\EjercicioMaxlistTest.scala. Using presentation compiler with project's scala-library version: 3.3.3
2024.09.14 16:35:12 INFO  no build target found for C:\Users\Nicol\OneDrive\Escritorio\clase_PFC\talleres-pfc-template\app\src\test\scala\taller\BuscarListaTest.scala. Using presentation compiler with project's scala-library version: 3.3.3
2024.09.14 16:35:24 INFO  no build target found for C:\Users\Nicol\OneDrive\Escritorio\clase_PFC\talleres-pfc-template\app\src\test\scala\taller\EjercicioMaxlistTest.scala. Using presentation compiler with project's scala-library version: 3.3.3
2024.09.14 16:35:24 INFO  no build target found for C:\Users\Nicol\OneDrive\Escritorio\clase_PFC\talleres-pfc-template\app\src\test\scala\taller\EjercicioMaxlistTest.scala. Using presentation compiler with project's scala-library version: 3.3.3
2024.09.14 16:35:26 INFO  no build target found for C:\Users\Nicol\OneDrive\Escritorio\clase_PFC\talleres-pfc-template\app\src\test\scala\taller\EjercicioMaxlistTest.scala. Using presentation compiler with project's scala-library version: 3.3.3
2024.09.14 16:35:26 INFO  no build target found for C:\Users\Nicol\OneDrive\Escritorio\clase_PFC\talleres-pfc-template\app\src\test\scala\taller\EjercicioMaxlistTest.scala. Using presentation compiler with project's scala-library version: 3.3.3
2024.09.14 16:35:26 INFO  no build target found for C:\Users\Nicol\OneDrive\Escritorio\clase_PFC\talleres-pfc-template\app\src\test\scala\taller\EjercicioMaxlistTest.scala. Using presentation compiler with project's scala-library version: 3.3.3
2024.09.14 16:35:29 INFO  no build target found for C:\Users\Nicol\OneDrive\Escritorio\clase_PFC\talleres-pfc-template\app\src\test\scala\taller\EjercicioMaxlistTest.scala. Using presentation compiler with project's scala-library version: 3.3.3
2024.09.14 16:35:33 INFO  no build target found for C:\Users\Nicol\OneDrive\Escritorio\clase_PFC\talleres-pfc-template\app\src\test\scala\taller\EjercicioMaxlistTest.scala. Using presentation compiler with project's scala-library version: 3.3.3
2024.09.14 16:35:33 INFO  no build target found for C:\Users\Nicol\OneDrive\Escritorio\clase_PFC\talleres-pfc-template\app\src\test\scala\taller\EjercicioMaxlistTest.scala. Using presentation compiler with project's scala-library version: 3.3.3
2024.09.14 16:35:33 INFO  no build target found for C:\Users\Nicol\OneDrive\Escritorio\clase_PFC\talleres-pfc-template\app\src\test\scala\taller\EjercicioMaxlistTest.scala. Using presentation compiler with project's scala-library version: 3.3.3
2024.09.14 16:35:33 INFO  no build target found for C:\Users\Nicol\OneDrive\Escritorio\clase_PFC\talleres-pfc-template\app\src\test\scala\taller\EjercicioMaxlistTest.scala. Using presentation compiler with project's scala-library version: 3.3.3
2024.09.14 16:35:34 INFO  no build target found for C:\Users\Nicol\OneDrive\Escritorio\clase_PFC\talleres-pfc-template\app\src\test\scala\taller\EjercicioMaxlistTest.scala. Using presentation compiler with project's scala-library version: 3.3.3
2024.09.14 16:35:34 INFO  no build target found for C:\Users\Nicol\OneDrive\Escritorio\clase_PFC\talleres-pfc-template\app\src\test\scala\taller\EjercicioMaxlistTest.scala. Using presentation compiler with project's scala-library version: 3.3.3
2024.09.14 16:35:34 INFO  no build target found for C:\Users\Nicol\OneDrive\Escritorio\clase_PFC\talleres-pfc-template\app\src\test\scala\taller\EjercicioMaxlistTest.scala. Using presentation compiler with project's scala-library version: 3.3.3
2024.09.14 16:35:34 INFO  no build target found for C:\Users\Nicol\OneDrive\Escritorio\clase_PFC\talleres-pfc-template\app\src\test\scala\taller\EjercicioMaxlistTest.scala. Using presentation compiler with project's scala-library version: 3.3.3
2024.09.14 16:35:34 INFO  no build target found for C:\Users\Nicol\OneDrive\Escritorio\clase_PFC\talleres-pfc-template\app\src\test\scala\taller\EjercicioMaxlistTest.scala. Using presentation compiler with project's scala-library version: 3.3.3
2024.09.14 16:35:35 INFO  no build target found for C:\Users\Nicol\OneDrive\Escritorio\clase_PFC\talleres-pfc-template\app\src\test\scala\taller\EjercicioMaxlistTest.scala. Using presentation compiler with project's scala-library version: 3.3.3
2024.09.14 16:35:35 INFO  no build target found for C:\Users\Nicol\OneDrive\Escritorio\clase_PFC\talleres-pfc-template\app\src\test\scala\taller\EjercicioMaxlistTest.scala. Using presentation compiler with project's scala-library version: 3.3.3
2024.09.14 16:35:35 INFO  no build target found for C:\Users\Nicol\OneDrive\Escritorio\clase_PFC\talleres-pfc-template\app\src\test\scala\taller\EjercicioMaxlistTest.scala. Using presentation compiler with project's scala-library version: 3.3.3
2024.09.14 16:35:35 WARN  no build target for: C:\Users\Nicol\OneDrive\Escritorio\clase_PFC\talleres-pfc-template\app\src\test\scala\taller\EjercicioMaxlistTest.scala
2024.09.14 16:35:35 INFO  no build target found for C:\Users\Nicol\OneDrive\Escritorio\clase_PFC\talleres-pfc-template\app\src\test\scala\taller\EjercicioMaxlistTest.scala. Using presentation compiler with project's scala-library version: 3.3.3
2024.09.14 16:35:34 INFO  no build target found for C:\Users\Nicol\OneDrive\Escritorio\clase_PFC\talleres-pfc-template\app\src\test\scala\taller\EjercicioMaxlistTest.scala. Using presentation compiler with project's scala-library version: 3.3.3
2024.09.14 16:35:35 INFO  no build target found for C:\Users\Nicol\OneDrive\Escritorio\clase_PFC\talleres-pfc-template\app\src\test\scala\taller\BuscarListaTest.scala. Using presentation compiler with project's scala-library version: 3.3.3
2024.09.14 16:35:36 INFO  no build target found for C:\Users\Nicol\OneDrive\Escritorio\clase_PFC\talleres-pfc-template\app\src\test\scala\taller\EjercicioMaxlistTest.scala. Using presentation compiler with project's scala-library version: 3.3.3
2024.09.14 16:35:36 WARN  no build target for: C:\Users\Nicol\OneDrive\Escritorio\clase_PFC\talleres-pfc-template\app\src\test\scala\taller\EjercicioMaxlistTest.scala
2024.09.14 16:35:36 INFO  no build target found for C:\Users\Nicol\OneDrive\Escritorio\clase_PFC\talleres-pfc-template\app\src\test\scala\taller\EjercicioMaxlistTest.scala. Using presentation compiler with project's scala-library version: 3.3.3
2024.09.14 16:35:36 INFO  no build target found for C:\Users\Nicol\OneDrive\Escritorio\clase_PFC\talleres-pfc-template\app\src\test\scala\taller\BuscarListaTest.scala. Using presentation compiler with project's scala-library version: 3.3.3
2024.09.14 16:35:46 INFO  no build target found for C:\Users\Nicol\OneDrive\Escritorio\clase_PFC\talleres-pfc-template\app\src\test\scala\taller\EjercicioMaxlistTest.scala. Using presentation compiler with project's scala-library version: 3.3.3
2024.09.14 16:35:46 INFO  no build target found for C:\Users\Nicol\OneDrive\Escritorio\clase_PFC\talleres-pfc-template\app\src\test\scala\taller\EjercicioMaxlistTest.scala. Using presentation compiler with project's scala-library version: 3.3.3
2024.09.14 16:35:46 INFO  no build target found for C:\Users\Nicol\OneDrive\Escritorio\clase_PFC\talleres-pfc-template\app\src\test\scala\taller\EjercicioMaxlistTest.scala. Using presentation compiler with project's scala-library version: 3.3.3
2024.09.14 16:35:47 WARN  no build target for: C:\Users\Nicol\OneDrive\Escritorio\clase_PFC\talleres-pfc-template\app\src\test\scala\taller\EjercicioMaxlistTest.scala
2024.09.14 16:35:47 INFO  no build target found for C:\Users\Nicol\OneDrive\Escritorio\clase_PFC\talleres-pfc-template\app\src\test\scala\taller\EjercicioMaxlistTest.scala. Using presentation compiler with project's scala-library version: 3.3.3
2024.09.14 16:35:47 INFO  no build target found for C:\Users\Nicol\OneDrive\Escritorio\clase_PFC\talleres-pfc-template\app\src\test\scala\taller\BuscarListaTest.scala. Using presentation compiler with project's scala-library version: 3.3.3
2024.09.14 16:35:48 INFO  no build target found for C:\Users\Nicol\OneDrive\Escritorio\clase_PFC\talleres-pfc-template\app\src\test\scala\taller\EjercicioMaxlistTest.scala. Using presentation compiler with project's scala-library version: 3.3.3
2024.09.14 16:35:48 INFO  no build target found for C:\Users\Nicol\OneDrive\Escritorio\clase_PFC\talleres-pfc-template\app\src\test\scala\taller\EjercicioMaxlistTest.scala. Using presentation compiler with project's scala-library version: 3.3.3
2024.09.14 16:35:47 INFO  no build target found for C:\Users\Nicol\OneDrive\Escritorio\clase_PFC\talleres-pfc-template\app\src\test\scala\taller\EjercicioMaxlistTest.scala. Using presentation compiler with project's scala-library version: 3.3.3
2024.09.14 16:35:48 INFO  no build target found for C:\Users\Nicol\OneDrive\Escritorio\clase_PFC\talleres-pfc-template\app\src\test\scala\taller\EjercicioMaxlistTest.scala. Using presentation compiler with project's scala-library version: 3.3.3
2024.09.14 16:35:49 WARN  no build target for: C:\Users\Nicol\OneDrive\Escritorio\clase_PFC\talleres-pfc-template\app\src\test\scala\taller\EjercicioMaxlistTest.scala
2024.09.14 16:35:48 INFO  no build target found for C:\Users\Nicol\OneDrive\Escritorio\clase_PFC\talleres-pfc-template\app\src\test\scala\taller\EjercicioMaxlistTest.scala. Using presentation compiler with project's scala-library version: 3.3.3
2024.09.14 16:35:49 INFO  no build target found for C:\Users\Nicol\OneDrive\Escritorio\clase_PFC\talleres-pfc-template\app\src\test\scala\taller\BuscarListaTest.scala. Using presentation compiler with project's scala-library version: 3.3.3
2024.09.14 16:35:51 INFO  no build target found for C:\Users\Nicol\OneDrive\Escritorio\clase_PFC\talleres-pfc-template\app\src\test\scala\taller\EjercicioMaxlistTest.scala. Using presentation compiler with project's scala-library version: 3.3.3
2024.09.14 16:35:51 INFO  no build target found for C:\Users\Nicol\OneDrive\Escritorio\clase_PFC\talleres-pfc-template\app\src\test\scala\taller\EjercicioMaxlistTest.scala. Using presentation compiler with project's scala-library version: 3.3.3
2024.09.14 16:35:51 INFO  no build target found for C:\Users\Nicol\OneDrive\Escritorio\clase_PFC\talleres-pfc-template\app\src\test\scala\taller\EjercicioMaxlistTest.scala. Using presentation compiler with project's scala-library version: 3.3.3
2024.09.14 16:35:51 INFO  no build target found for C:\Users\Nicol\OneDrive\Escritorio\clase_PFC\talleres-pfc-template\app\src\test\scala\taller\EjercicioMaxlistTest.scala. Using presentation compiler with project's scala-library version: 3.3.3
2024.09.14 16:35:51 INFO  no build target found for C:\Users\Nicol\OneDrive\Escritorio\clase_PFC\talleres-pfc-template\app\src\test\scala\taller\EjercicioMaxlistTest.scala. Using presentation compiler with project's scala-library version: 3.3.3
2024.09.14 16:35:52 INFO  no build target found for C:\Users\Nicol\OneDrive\Escritorio\clase_PFC\talleres-pfc-template\app\src\test\scala\taller\EjercicioMaxlistTest.scala. Using presentation compiler with project's scala-library version: 3.3.3
2024.09.14 16:35:53 WARN  no build target for: C:\Users\Nicol\OneDrive\Escritorio\clase_PFC\talleres-pfc-template\app\src\test\scala\taller\EjercicioMaxlistTest.scala
2024.09.14 16:35:53 INFO  no build target found for C:\Users\Nicol\OneDrive\Escritorio\clase_PFC\talleres-pfc-template\app\src\test\scala\taller\EjercicioMaxlistTest.scala. Using presentation compiler with project's scala-library version: 3.3.3
2024.09.14 16:35:53 INFO  no build target found for C:\Users\Nicol\OneDrive\Escritorio\clase_PFC\talleres-pfc-template\app\src\test\scala\taller\BuscarListaTest.scala. Using presentation compiler with project's scala-library version: 3.3.3
2024.09.14 16:38:26 INFO  no build target found for C:\Users\Nicol\OneDrive\Escritorio\clase_PFC\talleres-pfc-template\app\src\test\scala\taller\BuscarListaTest.scala. Using presentation compiler with project's scala-library version: 3.3.3
2024.09.14 16:39:02 INFO  no build target found for C:\Users\Nicol\OneDrive\Escritorio\clase_PFC\talleres-pfc-template\app\src\test\scala\taller\BuscarListaTest.scala. Using presentation compiler with project's scala-library version: 3.3.3
2024.09.14 16:39:03 INFO  no build target found for C:\Users\Nicol\OneDrive\Escritorio\clase_PFC\talleres-pfc-template\app\src\test\scala\taller\BuscarListaTest.scala. Using presentation compiler with project's scala-library version: 3.3.3
2024.09.14 16:42:31 INFO  no build target found for C:\Users\Nicol\OneDrive\Escritorio\clase_PFC\talleres-pfc-template\app\src\test\scala\taller\EjercicioMaxlistTest.scala. Using presentation compiler with project's scala-library version: 3.3.3
2024.09.14 16:42:34 INFO  no build target found for C:\Users\Nicol\OneDrive\Escritorio\clase_PFC\talleres-pfc-template\app\src\test\scala\taller\EjercicioMaxlistTest.scala. Using presentation compiler with project's scala-library version: 3.3.3
2024.09.14 16:42:34 INFO  no build target found for C:\Users\Nicol\OneDrive\Escritorio\clase_PFC\talleres-pfc-template\app\src\test\scala\taller\EjercicioMaxlistTest.scala. Using presentation compiler with project's scala-library version: 3.3.3
2024.09.14 16:45:10 INFO  no build target found for C:\Users\Nicol\OneDrive\Escritorio\clase_PFC\talleres-pfc-template\app\src\test\scala\taller\BuscarListaTest.scala. Using presentation compiler with project's scala-library version: 3.3.3
2024.09.14 16:45:13 INFO  no build target found for C:\Users\Nicol\OneDrive\Escritorio\clase_PFC\talleres-pfc-template\app\src\test\scala\taller\BuscarListaTest.scala. Using presentation compiler with project's scala-library version: 3.3.3
2024.09.14 16:45:19 INFO  no build target found for C:\Users\Nicol\OneDrive\Escritorio\clase_PFC\talleres-pfc-template\app\src\main\scala\taller\BuscarLista.scala. Using presentation compiler with project's scala-library version: 3.3.3
2024.09.14 16:45:20 INFO  no build target found for C:\Users\Nicol\OneDrive\Escritorio\clase_PFC\talleres-pfc-template\app\src\main\scala\taller\BuscarLista.scala. Using presentation compiler with project's scala-library version: 3.3.3
2024.09.14 16:46:22 INFO  no build target found for C:\Users\Nicol\OneDrive\Escritorio\clase_PFC\talleres-pfc-template\app\src\main\scala\taller\EjercicioMaxlist.scala. Using presentation compiler with project's scala-library version: 3.3.3
2024.09.14 16:46:22 INFO  no build target found for C:\Users\Nicol\OneDrive\Escritorio\clase_PFC\talleres-pfc-template\app\src\main\scala\taller\EjercicioMaxlist.scala. Using presentation compiler with project's scala-library version: 3.3.3
2024.09.14 16:46:23 INFO  no build target found for C:\Users\Nicol\OneDrive\Escritorio\clase_PFC\talleres-pfc-template\app\src\main\scala\taller\EjercicioMaxlist.scala. Using presentation compiler with project's scala-library version: 3.3.3
2024.09.14 16:46:23 INFO  no build target found for C:\Users\Nicol\OneDrive\Escritorio\clase_PFC\talleres-pfc-template\app\src\main\scala\taller\EjercicioMaxlist.scala. Using presentation compiler with project's scala-library version: 3.3.3
2024.09.14 16:46:26 INFO  no build target found for C:\Users\Nicol\OneDrive\Escritorio\clase_PFC\talleres-pfc-template\app\src\main\scala\taller\EjercicioMaxlist.scala. Using presentation compiler with project's scala-library version: 3.3.3
2024.09.14 16:46:26 INFO  no build target found for C:\Users\Nicol\OneDrive\Escritorio\clase_PFC\talleres-pfc-template\app\src\main\scala\taller\EjercicioMaxlist.scala. Using presentation compiler with project's scala-library version: 3.3.3
2024.09.14 16:46:26 INFO  no build target found for C:\Users\Nicol\OneDrive\Escritorio\clase_PFC\talleres-pfc-template\app\src\main\scala\taller\EjercicioMaxlist.scala. Using presentation compiler with project's scala-library version: 3.3.3
2024.09.14 16:46:26 INFO  no build target found for C:\Users\Nicol\OneDrive\Escritorio\clase_PFC\talleres-pfc-template\app\src\main\scala\taller\EjercicioMaxlist.scala. Using presentation compiler with project's scala-library version: 3.3.3
2024.09.14 16:46:28 INFO  no build target found for C:\Users\Nicol\OneDrive\Escritorio\clase_PFC\talleres-pfc-template\app\src\main\scala\taller\EjercicioMaxlist.scala. Using presentation compiler with project's scala-library version: 3.3.3
2024.09.14 16:46:30 INFO  no build target found for C:\Users\Nicol\OneDrive\Escritorio\clase_PFC\talleres-pfc-template\app\src\main\scala\taller\EjercicioMaxlist.scala. Using presentation compiler with project's scala-library version: 3.3.3
2024.09.14 16:46:31 INFO  no build target found for C:\Users\Nicol\OneDrive\Escritorio\clase_PFC\talleres-pfc-template\app\src\main\scala\taller\EjercicioMaxlist.scala. Using presentation compiler with project's scala-library version: 3.3.3
2024.09.14 16:46:34 INFO  no build target found for C:\Users\Nicol\OneDrive\Escritorio\clase_PFC\talleres-pfc-template\app\src\test\scala\taller\EjercicioMaxlistTest.scala. Using presentation compiler with project's scala-library version: 3.3.3
2024.09.14 16:46:34 INFO  no build target found for C:\Users\Nicol\OneDrive\Escritorio\clase_PFC\talleres-pfc-template\app\src\test\scala\taller\EjercicioMaxlistTest.scala. Using presentation compiler with project's scala-library version: 3.3.3
2024.09.14 16:48:20 INFO  no build target found for C:\Users\Nicol\OneDrive\Escritorio\clase_PFC\talleres-pfc-template\app\src\main\scala\taller\BuscarLista.scala. Using presentation compiler with project's scala-library version: 3.3.3
2024.09.14 16:51:15 INFO  no build target found for C:\Users\Nicol\OneDrive\Escritorio\clase_PFC\talleres-pfc-template\app\src\main\scala\taller\EjercicioMaxlist.scala. Using presentation compiler with project's scala-library version: 3.3.3
2024.09.14 16:51:15 INFO  no build target found for C:\Users\Nicol\OneDrive\Escritorio\clase_PFC\talleres-pfc-template\app\src\main\scala\taller\EjercicioMaxlist.scala. Using presentation compiler with project's scala-library version: 3.3.3
2024.09.14 16:51:15 INFO  no build target found for C:\Users\Nicol\OneDrive\Escritorio\clase_PFC\talleres-pfc-template\app\src\main\scala\taller\EjercicioMaxlist.scala. Using presentation compiler with project's scala-library version: 3.3.3
2024.09.14 16:51:16 INFO  no build target found for C:\Users\Nicol\OneDrive\Escritorio\clase_PFC\talleres-pfc-template\app\src\main\scala\taller\EjercicioMaxlist.scala. Using presentation compiler with project's scala-library version: 3.3.3
2024.09.14 16:51:52 INFO  no build target found for C:\Users\Nicol\OneDrive\Escritorio\clase_PFC\talleres-pfc-template\app\src\main\scala\taller\EjercicioMaxlist.scala. Using presentation compiler with project's scala-library version: 3.3.3
2024.09.14 16:51:52 INFO  no build target found for C:\Users\Nicol\OneDrive\Escritorio\clase_PFC\talleres-pfc-template\app\src\main\scala\taller\EjercicioMaxlist.scala. Using presentation compiler with project's scala-library version: 3.3.3
2024.09.14 16:51:53 INFO  no build target found for C:\Users\Nicol\OneDrive\Escritorio\clase_PFC\talleres-pfc-template\app\src\main\scala\taller\EjercicioMaxlist.scala. Using presentation compiler with project's scala-library version: 3.3.3
2024.09.14 16:51:56 INFO  no build target found for C:\Users\Nicol\OneDrive\Escritorio\clase_PFC\talleres-pfc-template\app\src\main\scala\taller\EjercicioMaxlist.scala. Using presentation compiler with project's scala-library version: 3.3.3
2024.09.14 18:42:48 INFO  Started: Metals version 1.3.5 in folders 'C:\Users\Nicol\OneDrive\Escritorio\clase_PFC\talleres-pfc-template' for client Visual Studio Code 1.93.1.
2024.09.14 18:42:48 INFO  time: initialize in 0.13s
SLF4J(W): Class path contains multiple SLF4J providers.
SLF4J(W): Found provider [scribe.slf4j.ScribeServiceProvider@628847ec]
SLF4J(W): Found provider [ch.qos.logback.classic.spi.LogbackServiceProvider@1b2430a2]
SLF4J(W): See https://www.slf4j.org/codes.html#multiple_bindings for an explanation.
SLF4J(I): Actual provider is of type [scribe.slf4j.ScribeServiceProvider@628847ec]
2024.09.14 18:42:55 WARN  Flyway upgrade recommended: H2 2.3.230 is newer than this version of Flyway and support has not been tested. The latest supported version of H2 is 2.2.220.
2024.09.14 18:42:58 INFO  no build target found for C:\Users\Nicol\OneDrive\Escritorio\clase_PFC\talleres-pfc-template\app\src\test\scala\taller\BuscarListaTest.scala. Using presentation compiler with project's scala-library version: 3.3.3
2024.09.14 18:42:58 INFO  no build target found for C:\Users\Nicol\OneDrive\Escritorio\clase_PFC\talleres-pfc-template\app\src\main\scala\taller\EjercicioMaxlist.scala. Using presentation compiler with project's scala-library version: 3.3.3
sept 14, 2024 6:42:58 P. M. org.eclipse.lsp4j.jsonrpc.RemoteEndpoint handleCancellation
WARNING: Unmatched cancel notification for request id 3
sept 14, 2024 6:42:58 P. M. org.eclipse.lsp4j.jsonrpc.RemoteEndpoint handleCancellation
WARNING: Unmatched cancel notification for request id 4
sept 14, 2024 6:42:59 P. M. org.eclipse.lsp4j.jsonrpc.RemoteEndpoint handleCancellation
WARNING: Unmatched cancel notification for request id 13
sept 14, 2024 6:42:59 P. M. org.eclipse.lsp4j.jsonrpc.RemoteEndpoint handleCancellation
WARNING: Unmatched cancel notification for request id 14
sept 14, 2024 6:42:59 P. M. org.eclipse.lsp4j.jsonrpc.RemoteEndpoint handleCancellation
WARNING: Unmatched cancel notification for request id 15
sept 14, 2024 6:42:59 P. M. org.eclipse.lsp4j.jsonrpc.RemoteEndpoint handleCancellation
WARNING: Unmatched cancel notification for request id 17
sept 14, 2024 6:42:59 P. M. org.eclipse.lsp4j.jsonrpc.RemoteEndpoint handleCancellation
WARNING: Unmatched cancel notification for request id 18
